{"ts":1712594437380,"action":"PROJECT_OPENED","tags":{"PROJECT_NAME":"Python-Web---HW13.2"}}
{"ts":1712594439502,"action":"FILE_OPENED","file":"/main.py","tags":{"FILE_LINE_OF_CODE":"17"}}
{"ts":1712594464368,"action":"FILE_CLOSED","file":"/main.py","tags":{"FILE_LINE_OF_CODE":"17"}}
{"ts":1712594464369,"action":"FILE_OPENED","file":"/.gitignore","tags":{"FILE_LINE_OF_CODE":"0"}}
{"ts":1712594475263,"action":"IDE_DEACTIVATED"}
{"ts":1712594480078,"action":"IDE_ACTIVATED"}
{"ts":1712594489766,"action":"FILE_CLOSED","file":"/.gitignore","tags":{"FILE_LINE_OF_CODE":"0"}}
{"ts":1712594489844,"action":"FILE_OPENED","file":"/main.py","tags":{"FILE_LINE_OF_CODE":"17"}}
{"ts":1712594490844,"action":"FILE_CLOSED","file":"/main.py","tags":{"FILE_LINE_OF_CODE":"17"}}
{"ts":1712594497031,"action":"IDE_DEACTIVATED"}
{"ts":1712594529764,"action":"IDE_ACTIVATED"}
{"ts":1712594597109,"action":"IDE_DEACTIVATED"}
{"ts":1712594728668,"action":"IDE_ACTIVATED"}
{"ts":1712594742972,"action":"IDE_DEACTIVATED"}
{"ts":1712594792268,"action":"IDE_ACTIVATED"}
{"ts":1712594797684,"action":"IDE_DEACTIVATED"}
{"ts":1712594798867,"action":"IDE_ACTIVATED"}
{"ts":1712594803200,"action":"IDE_DEACTIVATED"}
{"ts":1712594804512,"action":"IDE_ACTIVATED"}
{"ts":1712594831191,"action":"FILE_OPENED","file":"/hw_project/manage.py","tags":{"FILE_LINE_OF_CODE":"23"}}
{"ts":1712594870020,"action":"IDE_DEACTIVATED"}
{"ts":1712594882612,"action":"IDE_ACTIVATED"}
{"ts":1712594884413,"action":"IDE_DEACTIVATED"}
{"ts":1712594886189,"action":"IDE_ACTIVATED"}
{"ts":1712594887814,"action":"IDE_DEACTIVATED"}
{"ts":1712594889359,"action":"IDE_ACTIVATED"}
{"ts":1712594894680,"action":"IDE_DEACTIVATED"}
{"ts":1712594897845,"action":"IDE_ACTIVATED"}
{"ts":1712594898320,"action":"IDE_DEACTIVATED"}
{"ts":1712594899440,"action":"IDE_ACTIVATED"}
{"ts":1712594903520,"action":"IDE_DEACTIVATED"}
{"ts":1712594918973,"action":"IDE_ACTIVATED"}
{"ts":1712594931146,"action":"IDE_DEACTIVATED"}
{"ts":1712594954316,"action":"IDE_ACTIVATED"}
{"ts":1712594986167,"action":"IDE_DEACTIVATED"}
{"ts":1712594988095,"action":"IDE_ACTIVATED"}
{"ts":1712594988834,"action":"IDE_DEACTIVATED"}
{"ts":1712595007363,"action":"IDE_ACTIVATED"}
{"ts":1712595031495,"action":"FILE_CLOSED","file":"/hw_project/manage.py","tags":{"FILE_LINE_OF_CODE":"23"}}
{"ts":1712595031495,"action":"FILE_OPENED","file":"/pyproject.toml","tags":{"FILE_LINE_OF_CODE":"18"}}
{"ts":1712595161787,"action":"IDE_DEACTIVATED"}
{"ts":1712595178819,"action":"IDE_ACTIVATED"}
{"ts":1712595202223,"action":"IDE_DEACTIVATED"}
{"ts":1712595223882,"action":"IDE_ACTIVATED"}
{"ts":1712595251963,"action":"FILE_CLOSED","file":"/pyproject.toml","tags":{"FILE_LINE_OF_CODE":"18"}}
{"ts":1712595251969,"action":"FILE_OPENED","file":"/hw_project/manage.py","tags":{"FILE_LINE_OF_CODE":"23"}}
{"ts":1712595257082,"action":"FILE_CLOSED","file":"/hw_project/manage.py","tags":{"FILE_LINE_OF_CODE":"23"}}
{"ts":1712595258755,"action":"FILE_OPENED","file":"/main.py","tags":{"FILE_LINE_OF_CODE":"17"}}
{"ts":1712595272098,"action":"FILE_CLOSED","file":"/main.py","tags":{"FILE_LINE_OF_CODE":"17"}}
{"ts":1712595273899,"action":"IDE_DEACTIVATED"}
{"ts":1712595303651,"action":"IDE_ACTIVATED"}
{"ts":1712595319867,"action":"FILE_OPENED","file":"/.env","tags":{"FILE_LINE_OF_CODE":"0"}}
{"ts":1712595370009,"action":"FILE_CLOSED","file":"/.env","tags":{"FILE_LINE_OF_CODE":"0"}}
{"ts":1712595370009,"action":"FILE_OPENED","file":"/hw_project/app_auth/admin.py","tags":{"FILE_LINE_OF_CODE":"4"}}
{"ts":1712595374506,"action":"FILE_CLOSED","file":"/hw_project/app_auth/admin.py","tags":{"FILE_LINE_OF_CODE":"4"}}
{"ts":1712595374510,"action":"FILE_OPENED","file":"/.env","tags":{"FILE_LINE_OF_CODE":"0"}}
{"ts":1712595377308,"action":"FILE_CLOSED","file":"/.env","tags":{"FILE_LINE_OF_CODE":"0"}}
{"ts":1712595377308,"action":"FILE_OPENED","file":"/hw_project/app_auth/apps.py","tags":{"FILE_LINE_OF_CODE":"7"}}
{"ts":1712595408582,"action":"FILE_CLOSED","file":"/hw_project/app_auth/apps.py","tags":{"FILE_LINE_OF_CODE":"7"}}
{"ts":1712595408582,"action":"FILE_OPENED","file":"/hw_project/app_auth/forms.py","tags":{"FILE_LINE_OF_CODE":"24"}}
{"ts":1712595412116,"action":"FILE_CLOSED","file":"/hw_project/app_auth/forms.py","tags":{"FILE_LINE_OF_CODE":"24"}}
{"ts":1712595412116,"action":"FILE_OPENED","file":"/hw_project/app_auth/apps.py","tags":{"FILE_LINE_OF_CODE":"7"}}
{"ts":1712595428633,"action":"FILE_CLOSED","file":"/hw_project/app_auth/apps.py","tags":{"FILE_LINE_OF_CODE":"7"}}
{"ts":1712595428633,"action":"FILE_OPENED","file":"/hw_project/app_auth/forms.py","tags":{"FILE_LINE_OF_CODE":"24"}}
{"ts":1712595454937,"action":"FILE_CLOSED","file":"/hw_project/app_auth/forms.py","tags":{"FILE_LINE_OF_CODE":"24"}}
{"ts":1712595454937,"action":"FILE_OPENED","file":"/hw_project/app_auth/apps.py","tags":{"FILE_LINE_OF_CODE":"7"}}
{"ts":1712595460809,"action":"FILE_CLOSED","file":"/hw_project/app_auth/apps.py","tags":{"FILE_LINE_OF_CODE":"7"}}
{"ts":1712595460809,"action":"FILE_OPENED","file":"/hw_project/app_auth/models.py","tags":{"FILE_LINE_OF_CODE":"4"}}
{"ts":1712595463819,"action":"FILE_CLOSED","file":"/hw_project/app_auth/models.py","tags":{"FILE_LINE_OF_CODE":"4"}}
{"ts":1712595463838,"action":"FILE_OPENED","file":"/hw_project/app_auth/apps.py","tags":{"FILE_LINE_OF_CODE":"7"}}
{"ts":1712595464674,"action":"FILE_CLOSED","file":"/hw_project/app_auth/apps.py","tags":{"FILE_LINE_OF_CODE":"7"}}
{"ts":1712595464674,"action":"FILE_OPENED","file":"/hw_project/app_auth/forms.py","tags":{"FILE_LINE_OF_CODE":"24"}}
{"ts":1712595466127,"action":"FILE_CLOSED","file":"/hw_project/app_auth/forms.py","tags":{"FILE_LINE_OF_CODE":"24"}}
{"ts":1712595466127,"action":"FILE_OPENED","file":"/hw_project/app_auth/tests.py","tags":{"FILE_LINE_OF_CODE":"4"}}
{"ts":1712595468213,"action":"FILE_CLOSED","file":"/hw_project/app_auth/tests.py","tags":{"FILE_LINE_OF_CODE":"4"}}
{"ts":1712595468219,"action":"FILE_OPENED","file":"/hw_project/app_auth/forms.py","tags":{"FILE_LINE_OF_CODE":"24"}}
{"ts":1712595469559,"action":"FILE_CLOSED","file":"/hw_project/app_auth/forms.py","tags":{"FILE_LINE_OF_CODE":"24"}}
{"ts":1712595469559,"action":"FILE_OPENED","file":"/hw_project/app_auth/urls.py","tags":{"FILE_LINE_OF_CODE":"14"}}
{"ts":1712595475148,"action":"FILE_CLOSED","file":"/hw_project/app_auth/urls.py","tags":{"FILE_LINE_OF_CODE":"14"}}
{"ts":1712595475151,"action":"FILE_OPENED","file":"/hw_project/app_auth/forms.py","tags":{"FILE_LINE_OF_CODE":"24"}}
{"ts":1712595476473,"action":"FILE_CLOSED","file":"/hw_project/app_auth/forms.py","tags":{"FILE_LINE_OF_CODE":"24"}}
{"ts":1712595476473,"action":"FILE_OPENED","file":"/hw_project/app_auth/views.py","tags":{"FILE_LINE_OF_CODE":"30"}}
{"ts":1712595485686,"action":"FILE_CLOSED","file":"/hw_project/app_auth/views.py","tags":{"FILE_LINE_OF_CODE":"30"}}
{"ts":1712595487239,"action":"FILE_OPENED","file":"/hw_project/app_auth/apps.py","tags":{"FILE_LINE_OF_CODE":"7"}}
{"ts":1712595490630,"action":"FILE_CLOSED","file":"/hw_project/app_auth/apps.py","tags":{"FILE_LINE_OF_CODE":"7"}}
{"ts":1712595490635,"action":"FILE_OPENED","file":"/.env","tags":{"FILE_LINE_OF_CODE":"0"}}
{"ts":1712595497200,"action":"FILE_CLOSED","file":"/.env","tags":{"FILE_LINE_OF_CODE":"0"}}
{"ts":1712595497200,"action":"FILE_OPENED","file":"/hw_project/hw_project/asgi.py","tags":{"FILE_LINE_OF_CODE":"17"}}
{"ts":1712595508456,"action":"FILE_CLOSED","file":"/hw_project/hw_project/asgi.py","tags":{"FILE_LINE_OF_CODE":"17"}}
{"ts":1712595508460,"action":"FILE_OPENED","file":"/.env","tags":{"FILE_LINE_OF_CODE":"0"}}
{"ts":1712595509875,"action":"FILE_CLOSED","file":"/.env","tags":{"FILE_LINE_OF_CODE":"0"}}
{"ts":1712595509875,"action":"FILE_OPENED","file":"/hw_project/hw_project/settings.py","tags":{"FILE_LINE_OF_CODE":"140"}}
{"ts":1712595554156,"action":"FILE_CLOSED","file":"/hw_project/hw_project/settings.py","tags":{"FILE_LINE_OF_CODE":"140"}}
{"ts":1712595554156,"action":"FILE_OPENED","file":"/.env","tags":{"FILE_LINE_OF_CODE":"0"}}
{"ts":1712595559763,"action":"FILE_CLOSED","file":"/.env","tags":{"FILE_LINE_OF_CODE":"0"}}
{"ts":1712595559777,"action":"FILE_OPENED","file":"/hw_project/hw_project/settings.py","tags":{"FILE_LINE_OF_CODE":"140"}}
{"ts":1712595563162,"action":"IDE_DEACTIVATED"}
{"ts":1712595591390,"action":"IDE_ACTIVATED"}
{"ts":1712595598790,"action":"FILE_CLOSED","file":"/hw_project/hw_project/settings.py","tags":{"FILE_LINE_OF_CODE":"140"}}
{"ts":1712595598791,"action":"FILE_OPENED","file":"/.env","tags":{"FILE_LINE_OF_CODE":"26"}}
{"ts":1712595606595,"action":"FILE_CLOSED","file":"/.env","tags":{"FILE_LINE_OF_CODE":"26"}}
{"ts":1712595606595,"action":"FILE_OPENED","file":"/hw_project/hw_project/settings.py","tags":{"FILE_LINE_OF_CODE":"140"}}
{"ts":1712595616446,"action":"FILE_CLOSED","file":"/hw_project/hw_project/settings.py","tags":{"FILE_LINE_OF_CODE":"140"}}
{"ts":1712595616446,"action":"FILE_OPENED","file":"/.env","tags":{"FILE_LINE_OF_CODE":"26"}}
{"ts":1712595620525,"action":"FILE_CLOSED","file":"/.env","tags":{"FILE_LINE_OF_CODE":"26"}}
{"ts":1712595620525,"action":"FILE_OPENED","file":"/hw_project/hw_project/settings.py","tags":{"FILE_LINE_OF_CODE":"140"}}
{"ts":1712595634706,"action":"FILE_CLOSED","file":"/hw_project/hw_project/settings.py","tags":{"FILE_LINE_OF_CODE":"140"}}
{"ts":1712595634706,"action":"FILE_OPENED","file":"/.env","tags":{"FILE_LINE_OF_CODE":"26"}}
{"ts":1712595640069,"action":"FILE_CLOSED","file":"/.env","tags":{"FILE_LINE_OF_CODE":"26"}}
{"ts":1712595640069,"action":"FILE_OPENED","file":"/hw_project/hw_project/settings.py","tags":{"FILE_LINE_OF_CODE":"140"}}
{"ts":1712595660954,"action":"IDE_DEACTIVATED"}
{"ts":1712595661732,"action":"IDE_ACTIVATED"}
{"ts":1712595662951,"action":"FILE_CLOSED","file":"/hw_project/hw_project/settings.py","tags":{"FILE_LINE_OF_CODE":"140"}}
{"ts":1712595662951,"action":"FILE_OPENED","file":"/.env","tags":{"FILE_LINE_OF_CODE":"26"}}
{"ts":1712595671313,"action":"FILE_CLOSED","file":"/.env","tags":{"FILE_LINE_OF_CODE":"26"}}
{"ts":1712595671313,"action":"FILE_OPENED","file":"/hw_project/hw_project/settings.py","tags":{"FILE_LINE_OF_CODE":"140"}}
{"ts":1712595679218,"action":"FILE_CLOSED","file":"/hw_project/hw_project/settings.py","tags":{"FILE_LINE_OF_CODE":"140"}}
{"ts":1712595679218,"action":"FILE_OPENED","file":"/.env","tags":{"FILE_LINE_OF_CODE":"26"}}
{"ts":1712595683302,"action":"FILE_CLOSED","file":"/.env","tags":{"FILE_LINE_OF_CODE":"26"}}
{"ts":1712595683302,"action":"FILE_OPENED","file":"/hw_project/hw_project/settings.py","tags":{"FILE_LINE_OF_CODE":"140"}}
{"ts":1712595689452,"action":"FILE_CLOSED","file":"/hw_project/hw_project/settings.py","tags":{"FILE_LINE_OF_CODE":"140"}}
{"ts":1712595689452,"action":"FILE_OPENED","file":"/.env","tags":{"FILE_LINE_OF_CODE":"26"}}
{"ts":1712595705293,"action":"FILE_CLOSED","file":"/.env","tags":{"FILE_LINE_OF_CODE":"26"}}
{"ts":1712595705293,"action":"FILE_OPENED","file":"/hw_project/hw_project/settings.py","tags":{"FILE_LINE_OF_CODE":"140"}}
{"ts":1712595713979,"action":"FILE_CLOSED","file":"/hw_project/hw_project/settings.py","tags":{"FILE_LINE_OF_CODE":"140"}}
{"ts":1712595713979,"action":"FILE_OPENED","file":"/.env","tags":{"FILE_LINE_OF_CODE":"26"}}
{"ts":1712595720261,"action":"FILE_CLOSED","file":"/.env","tags":{"FILE_LINE_OF_CODE":"26"}}
{"ts":1712595720261,"action":"FILE_OPENED","file":"/hw_project/hw_project/settings.py","tags":{"FILE_LINE_OF_CODE":"140"}}
{"ts":1712595780120,"action":"IDE_DEACTIVATED"}
{"ts":1712595781044,"action":"IDE_ACTIVATED"}
{"ts":1712595782091,"action":"FILE_CLOSED","file":"/hw_project/hw_project/settings.py","tags":{"FILE_LINE_OF_CODE":"140"}}
{"ts":1712595782091,"action":"FILE_OPENED","file":"/.env","tags":{"FILE_LINE_OF_CODE":"26"}}
{"ts":1712595789837,"action":"IDE_DEACTIVATED"}
{"ts":1712595790785,"action":"IDE_ACTIVATED"}
{"ts":1712595791894,"action":"FILE_CLOSED","file":"/.env","tags":{"FILE_LINE_OF_CODE":"26"}}
{"ts":1712595791894,"action":"FILE_OPENED","file":"/hw_project/hw_project/settings.py","tags":{"FILE_LINE_OF_CODE":"140"}}
{"ts":1712595794220,"action":"FILE_CLOSED","file":"/hw_project/hw_project/settings.py","tags":{"FILE_LINE_OF_CODE":"140"}}
{"ts":1712595794220,"action":"FILE_OPENED","file":"/.env","tags":{"FILE_LINE_OF_CODE":"26"}}
{"ts":1712595802196,"action":"FILE_CLOSED","file":"/.env","tags":{"FILE_LINE_OF_CODE":"26"}}
{"ts":1712595802196,"action":"FILE_OPENED","file":"/hw_project/hw_project/settings.py","tags":{"FILE_LINE_OF_CODE":"140"}}
{"ts":1712595821557,"action":"FILE_CLOSED","file":"/hw_project/hw_project/settings.py","tags":{"FILE_LINE_OF_CODE":"140"}}
{"ts":1712595821557,"action":"FILE_OPENED","file":"/.env","tags":{"FILE_LINE_OF_CODE":"26"}}
{"ts":1712595828682,"action":"FILE_CLOSED","file":"/.env","tags":{"FILE_LINE_OF_CODE":"26"}}
{"ts":1712595828682,"action":"FILE_OPENED","file":"/hw_project/hw_project/settings.py","tags":{"FILE_LINE_OF_CODE":"140"}}
{"ts":1712595834574,"action":"FILE_CLOSED","file":"/hw_project/hw_project/settings.py","tags":{"FILE_LINE_OF_CODE":"140"}}
{"ts":1712595834574,"action":"FILE_OPENED","file":"/.env","tags":{"FILE_LINE_OF_CODE":"26"}}
{"ts":1712595842245,"action":"FILE_CLOSED","file":"/.env","tags":{"FILE_LINE_OF_CODE":"26"}}
{"ts":1712595842245,"action":"FILE_OPENED","file":"/hw_project/hw_project/settings.py","tags":{"FILE_LINE_OF_CODE":"140"}}
{"ts":1712595882223,"action":"FILE_CLOSED","file":"/hw_project/hw_project/settings.py","tags":{"FILE_LINE_OF_CODE":"140"}}
{"ts":1712595882223,"action":"FILE_OPENED","file":"/.env","tags":{"FILE_LINE_OF_CODE":"26"}}
{"ts":1712595898207,"action":"IDE_DEACTIVATED"}
{"ts":1712595899116,"action":"IDE_ACTIVATED"}
{"ts":1712595900191,"action":"FILE_CLOSED","file":"/.env","tags":{"FILE_LINE_OF_CODE":"27"}}
{"ts":1712595900191,"action":"FILE_OPENED","file":"/hw_project/hw_project/settings.py","tags":{"FILE_LINE_OF_CODE":"140"}}
{"ts":1712595908649,"action":"FILE_CLOSED","file":"/hw_project/hw_project/settings.py","tags":{"FILE_LINE_OF_CODE":"140"}}
{"ts":1712595908649,"action":"FILE_OPENED","file":"/.env","tags":{"FILE_LINE_OF_CODE":"27"}}
{"ts":1712595913696,"action":"FILE_CLOSED","file":"/.env","tags":{"FILE_LINE_OF_CODE":"27"}}
{"ts":1712595913696,"action":"FILE_OPENED","file":"/hw_project/hw_project/settings.py","tags":{"FILE_LINE_OF_CODE":"140"}}
{"ts":1712595965391,"action":"FILE_CLOSED","file":"/hw_project/hw_project/settings.py","tags":{"FILE_LINE_OF_CODE":"140"}}
{"ts":1712595965391,"action":"FILE_OPENED","file":"/hw_project/hw_project/urls.py","tags":{"FILE_LINE_OF_CODE":"27"}}
{"ts":1712595979281,"action":"FILE_CLOSED","file":"/hw_project/hw_project/urls.py","tags":{"FILE_LINE_OF_CODE":"27"}}
{"ts":1712595979286,"action":"FILE_OPENED","file":"/hw_project/hw_project/settings.py","tags":{"FILE_LINE_OF_CODE":"140"}}
{"ts":1712595980745,"action":"FILE_CLOSED","file":"/hw_project/hw_project/settings.py","tags":{"FILE_LINE_OF_CODE":"140"}}
{"ts":1712595980745,"action":"FILE_OPENED","file":"/hw_project/hw_project/wsgi.py","tags":{"FILE_LINE_OF_CODE":"17"}}
{"ts":1712595993178,"action":"FILE_CLOSED","file":"/hw_project/hw_project/wsgi.py","tags":{"FILE_LINE_OF_CODE":"17"}}
{"ts":1712595993181,"action":"FILE_OPENED","file":"/hw_project/hw_project/settings.py","tags":{"FILE_LINE_OF_CODE":"140"}}
{"ts":1712596009449,"action":"FILE_CLOSED","file":"/hw_project/hw_project/settings.py","tags":{"FILE_LINE_OF_CODE":"140"}}
{"ts":1712596009449,"action":"FILE_OPENED","file":"/hw_project/quotes/admin.py","tags":{"FILE_LINE_OF_CODE":"4"}}
{"ts":1712596013556,"action":"FILE_CLOSED","file":"/hw_project/quotes/admin.py","tags":{"FILE_LINE_OF_CODE":"4"}}
{"ts":1712596013560,"action":"FILE_OPENED","file":"/hw_project/hw_project/settings.py","tags":{"FILE_LINE_OF_CODE":"140"}}
{"ts":1712596014212,"action":"FILE_CLOSED","file":"/hw_project/hw_project/settings.py","tags":{"FILE_LINE_OF_CODE":"140"}}
{"ts":1712596014212,"action":"FILE_OPENED","file":"/.env","tags":{"FILE_LINE_OF_CODE":"27"}}
{"ts":1712596015880,"action":"FILE_CLOSED","file":"/.env","tags":{"FILE_LINE_OF_CODE":"27"}}
{"ts":1712596015880,"action":"FILE_OPENED","file":"/hw_project/quotes/apps.py","tags":{"FILE_LINE_OF_CODE":"7"}}
{"ts":1712596020893,"action":"FILE_CLOSED","file":"/hw_project/quotes/apps.py","tags":{"FILE_LINE_OF_CODE":"7"}}
{"ts":1712596020897,"action":"FILE_OPENED","file":"/.env","tags":{"FILE_LINE_OF_CODE":"27"}}
{"ts":1712596022321,"action":"FILE_CLOSED","file":"/.env","tags":{"FILE_LINE_OF_CODE":"27"}}
{"ts":1712596022321,"action":"FILE_OPENED","file":"/hw_project/quotes/forms.py","tags":{"FILE_LINE_OF_CODE":"40"}}
{"ts":1712596069095,"action":"FILE_CLOSED","file":"/hw_project/quotes/forms.py","tags":{"FILE_LINE_OF_CODE":"38"}}
{"ts":1712596069099,"action":"FILE_OPENED","file":"/.env","tags":{"FILE_LINE_OF_CODE":"27"}}
{"ts":1712596070865,"action":"FILE_CLOSED","file":"/.env","tags":{"FILE_LINE_OF_CODE":"27"}}
{"ts":1712596070865,"action":"FILE_OPENED","file":"/hw_project/quotes/models.py","tags":{"FILE_LINE_OF_CODE":"35"}}
{"ts":1712596080055,"action":"FILE_CLOSED","file":"/hw_project/quotes/models.py","tags":{"FILE_LINE_OF_CODE":"35"}}
{"ts":1712596080058,"action":"FILE_OPENED","file":"/.env","tags":{"FILE_LINE_OF_CODE":"27"}}
{"ts":1712596081592,"action":"FILE_CLOSED","file":"/.env","tags":{"FILE_LINE_OF_CODE":"27"}}
{"ts":1712596081592,"action":"FILE_OPENED","file":"/hw_project/quotes/tests.py","tags":{"FILE_LINE_OF_CODE":"4"}}
{"ts":1712596084396,"action":"FILE_CLOSED","file":"/hw_project/quotes/tests.py","tags":{"FILE_LINE_OF_CODE":"4"}}
{"ts":1712596084400,"action":"FILE_OPENED","file":"/.env","tags":{"FILE_LINE_OF_CODE":"27"}}
{"ts":1712596085753,"action":"FILE_CLOSED","file":"/.env","tags":{"FILE_LINE_OF_CODE":"27"}}
{"ts":1712596085753,"action":"FILE_OPENED","file":"/hw_project/quotes/urls.py","tags":{"FILE_LINE_OF_CODE":"14"}}
{"ts":1712596090086,"action":"FILE_CLOSED","file":"/hw_project/quotes/urls.py","tags":{"FILE_LINE_OF_CODE":"14"}}
{"ts":1712596090089,"action":"FILE_OPENED","file":"/.env","tags":{"FILE_LINE_OF_CODE":"27"}}
{"ts":1712596091555,"action":"FILE_CLOSED","file":"/.env","tags":{"FILE_LINE_OF_CODE":"27"}}
{"ts":1712596091555,"action":"FILE_OPENED","file":"/hw_project/quotes/utils.py","tags":{"FILE_LINE_OF_CODE":"11"}}
{"ts":1712596115130,"action":"FILE_CLOSED","file":"/hw_project/quotes/utils.py","tags":{"FILE_LINE_OF_CODE":"11"}}
{"ts":1712596115130,"action":"FILE_OPENED","file":"/.env","tags":{"FILE_LINE_OF_CODE":"27"}}
{"ts":1712596140943,"action":"IDE_DEACTIVATED"}
{"ts":1712596141924,"action":"IDE_ACTIVATED"}
{"ts":1712596143021,"action":"FILE_CLOSED","file":"/.env","tags":{"FILE_LINE_OF_CODE":"29"}}
{"ts":1712596143021,"action":"FILE_OPENED","file":"/hw_project/quotes/utils.py","tags":{"FILE_LINE_OF_CODE":"11"}}
{"ts":1712596165996,"action":"FILE_CLOSED","file":"/hw_project/quotes/utils.py","tags":{"FILE_LINE_OF_CODE":"11"}}
{"ts":1712596165996,"action":"FILE_OPENED","file":"/.env","tags":{"FILE_LINE_OF_CODE":"29"}}
{"ts":1712596174755,"action":"FILE_CLOSED","file":"/.env","tags":{"FILE_LINE_OF_CODE":"29"}}
{"ts":1712596174755,"action":"FILE_OPENED","file":"/hw_project/quotes/utils.py","tags":{"FILE_LINE_OF_CODE":"11"}}
{"ts":1712596185323,"action":"FILE_CLOSED","file":"/hw_project/quotes/utils.py","tags":{"FILE_LINE_OF_CODE":"11"}}
{"ts":1712596185323,"action":"FILE_OPENED","file":"/.env","tags":{"FILE_LINE_OF_CODE":"29"}}
{"ts":1712596227205,"action":"FILE_CLOSED","file":"/.env","tags":{"FILE_LINE_OF_CODE":"30"}}
{"ts":1712596227205,"action":"FILE_OPENED","file":"/hw_project/quotes/utils.py","tags":{"FILE_LINE_OF_CODE":"11"}}
{"ts":1712596243282,"action":"FILE_CLOSED","file":"/hw_project/quotes/utils.py","tags":{"FILE_LINE_OF_CODE":"11"}}
{"ts":1712596243282,"action":"FILE_OPENED","file":"/.env","tags":{"FILE_LINE_OF_CODE":"30"}}
{"ts":1712596278598,"action":"IDE_DEACTIVATED"}
{"ts":1712596464640,"action":"IDE_ACTIVATED"}
{"ts":1712596556693,"action":"IDE_DEACTIVATED"}
{"ts":1712596577296,"action":"IDE_ACTIVATED"}
{"ts":1712596593524,"action":"IDE_DEACTIVATED"}
{"ts":1712596603007,"action":"IDE_ACTIVATED"}
{"ts":1712596609463,"action":"IDE_DEACTIVATED"}
{"ts":1712596613479,"action":"IDE_ACTIVATED"}
{"ts":1712596640211,"action":"IDE_DEACTIVATED"}
{"ts":1712596777524,"action":"IDE_ACTIVATED"}
{"ts":1712596797374,"action":"IDE_DEACTIVATED"}
{"ts":1712596820932,"action":"IDE_ACTIVATED"}
{"ts":1712596825576,"action":"IDE_DEACTIVATED"}
{"ts":1712596834502,"action":"IDE_ACTIVATED"}
{"ts":1712596866239,"action":"FILE_CLOSED","file":"/.env","tags":{"FILE_LINE_OF_CODE":"34"}}
{"ts":1712596866239,"action":"FILE_OPENED","file":"/hw_project/quotes/utils.py","tags":{"FILE_LINE_OF_CODE":"11"}}
{"ts":1712596871971,"action":"IDE_DEACTIVATED"}
{"ts":1712596952854,"action":"IDE_ACTIVATED"}
{"ts":1712596955711,"action":"FILE_CLOSED","file":"/hw_project/quotes/utils.py","tags":{"FILE_LINE_OF_CODE":"11"}}
{"ts":1712596955711,"action":"FILE_OPENED","file":"/.env","tags":{"FILE_LINE_OF_CODE":"34"}}
{"ts":1712596983454,"action":"FILE_CLOSED","file":"/.env","tags":{"FILE_LINE_OF_CODE":"34"}}
{"ts":1712596983454,"action":"FILE_OPENED","file":"/hw_project/quotes/utils.py","tags":{"FILE_LINE_OF_CODE":"11"}}
{"ts":1712596993664,"action":"FILE_CLOSED","file":"/hw_project/quotes/utils.py","tags":{"FILE_LINE_OF_CODE":"11"}}
{"ts":1712596993664,"action":"FILE_OPENED","file":"/.env","tags":{"FILE_LINE_OF_CODE":"34"}}
{"ts":1712597066100,"action":"FILE_CLOSED","file":"/.env","tags":{"FILE_LINE_OF_CODE":"34"}}
{"ts":1712597066100,"action":"FILE_OPENED","file":"/hw_project/quotes/utils.py","tags":{"FILE_LINE_OF_CODE":"11"}}
{"ts":1712597071288,"action":"FILE_CLOSED","file":"/hw_project/quotes/utils.py","tags":{"FILE_LINE_OF_CODE":"11"}}
{"ts":1712597071288,"action":"FILE_OPENED","file":"/.env","tags":{"FILE_LINE_OF_CODE":"34"}}
{"ts":1712597092138,"action":"FILE_CLOSED","file":"/.env","tags":{"FILE_LINE_OF_CODE":"34"}}
{"ts":1712597092138,"action":"FILE_OPENED","file":"/hw_project/quotes/utils.py","tags":{"FILE_LINE_OF_CODE":"11"}}
{"ts":1712597103956,"action":"FILE_CLOSED","file":"/hw_project/quotes/utils.py","tags":{"FILE_LINE_OF_CODE":"12"}}
{"ts":1712597103956,"action":"FILE_OPENED","file":"/.env","tags":{"FILE_LINE_OF_CODE":"34"}}
{"ts":1712597108449,"action":"FILE_CLOSED","file":"/.env","tags":{"FILE_LINE_OF_CODE":"34"}}
{"ts":1712597108449,"action":"FILE_OPENED","file":"/hw_project/quotes/utils.py","tags":{"FILE_LINE_OF_CODE":"12"}}
{"ts":1712597146303,"action":"FILE_CLOSED","file":"/hw_project/quotes/utils.py","tags":{"FILE_LINE_OF_CODE":"12"}}
{"ts":1712597146303,"action":"FILE_OPENED","file":"/.env","tags":{"FILE_LINE_OF_CODE":"34"}}
{"ts":1712597150853,"action":"FILE_CLOSED","file":"/.env","tags":{"FILE_LINE_OF_CODE":"34"}}
{"ts":1712597150853,"action":"FILE_OPENED","file":"/hw_project/quotes/utils.py","tags":{"FILE_LINE_OF_CODE":"12"}}
{"ts":1712597180273,"action":"FILE_CLOSED","file":"/hw_project/quotes/utils.py","tags":{"FILE_LINE_OF_CODE":"12"}}
{"ts":1712597180274,"action":"FILE_OPENED","file":"/.env","tags":{"FILE_LINE_OF_CODE":"34"}}
{"ts":1712597183614,"action":"FILE_CLOSED","file":"/.env","tags":{"FILE_LINE_OF_CODE":"34"}}
{"ts":1712597183614,"action":"FILE_OPENED","file":"/hw_project/quotes/utils.py","tags":{"FILE_LINE_OF_CODE":"12"}}
{"ts":1712597201800,"action":"FILE_CLOSED","file":"/hw_project/quotes/utils.py","tags":{"FILE_LINE_OF_CODE":"12"}}
{"ts":1712597201800,"action":"FILE_OPENED","file":"/.env","tags":{"FILE_LINE_OF_CODE":"34"}}
{"ts":1712597205931,"action":"FILE_CLOSED","file":"/.env","tags":{"FILE_LINE_OF_CODE":"34"}}
{"ts":1712597205931,"action":"FILE_OPENED","file":"/hw_project/quotes/utils.py","tags":{"FILE_LINE_OF_CODE":"12"}}
{"ts":1712597215830,"action":"FILE_CLOSED","file":"/hw_project/quotes/utils.py","tags":{"FILE_LINE_OF_CODE":"12"}}
{"ts":1712597215830,"action":"FILE_OPENED","file":"/.env","tags":{"FILE_LINE_OF_CODE":"34"}}
{"ts":1712597219927,"action":"FILE_CLOSED","file":"/.env","tags":{"FILE_LINE_OF_CODE":"34"}}
{"ts":1712597219927,"action":"FILE_OPENED","file":"/hw_project/quotes/utils.py","tags":{"FILE_LINE_OF_CODE":"12"}}
{"ts":1712597241696,"action":"FILE_CLOSED","file":"/hw_project/quotes/utils.py","tags":{"FILE_LINE_OF_CODE":"12"}}
{"ts":1712597241696,"action":"FILE_OPENED","file":"/.env","tags":{"FILE_LINE_OF_CODE":"34"}}
{"ts":1712597263579,"action":"FILE_CLOSED","file":"/.env","tags":{"FILE_LINE_OF_CODE":"34"}}
{"ts":1712597263580,"action":"FILE_OPENED","file":"/hw_project/quotes/utils.py","tags":{"FILE_LINE_OF_CODE":"12"}}
{"ts":1712597283175,"action":"FILE_CLOSED","file":"/hw_project/quotes/utils.py","tags":{"FILE_LINE_OF_CODE":"12"}}
{"ts":1712597283176,"action":"FILE_OPENED","file":"/.env","tags":{"FILE_LINE_OF_CODE":"34"}}
{"ts":1712597293397,"action":"FILE_CLOSED","file":"/.env","tags":{"FILE_LINE_OF_CODE":"34"}}
{"ts":1712597293397,"action":"FILE_OPENED","file":"/hw_project/hw_project/settings.py","tags":{"FILE_LINE_OF_CODE":"140"}}
{"ts":1712597303379,"action":"IDE_DEACTIVATED"}
{"ts":1712597355958,"action":"IDE_ACTIVATED"}
{"ts":1712597409036,"action":"FILE_CLOSED","file":"/hw_project/hw_project/settings.py","tags":{"FILE_LINE_OF_CODE":"140"}}
{"ts":1712597409036,"action":"FILE_OPENED","file":"/hw_project/conf/config.py","tags":{"FILE_LINE_OF_CODE":"0"}}
{"ts":1712597412485,"action":"IDE_DEACTIVATED"}
{"ts":1712597415352,"action":"IDE_ACTIVATED"}
{"ts":1712597416483,"action":"IDE_DEACTIVATED"}
{"ts":1712597424200,"action":"IDE_ACTIVATED"}
{"ts":1712597522233,"action":"IDE_DEACTIVATED"}
{"ts":1712597541893,"action":"IDE_ACTIVATED"}
{"ts":1712597556403,"action":"IDE_DEACTIVATED"}
{"ts":1712597558734,"action":"IDE_ACTIVATED"}
{"ts":1712597603049,"action":"IDE_DEACTIVATED"}
{"ts":1712597683262,"action":"IDE_ACTIVATED"}
{"ts":1712597685477,"action":"FILE_CLOSED","file":"/hw_project/conf/config.py","tags":{"FILE_LINE_OF_CODE":"25"}}
{"ts":1712597685477,"action":"FILE_OPENED","file":"/.env","tags":{"FILE_LINE_OF_CODE":"34"}}
{"ts":1712597700758,"action":"IDE_DEACTIVATED"}
{"ts":1712597711140,"action":"IDE_ACTIVATED"}
{"ts":1712597713560,"action":"IDE_DEACTIVATED"}
{"ts":1712597736557,"action":"IDE_ACTIVATED"}
{"ts":1712597741451,"action":"FILE_CLOSED","file":"/.env","tags":{"FILE_LINE_OF_CODE":"34"}}
{"ts":1712597741451,"action":"FILE_OPENED","file":"/hw_project/quotes/utils.py","tags":{"FILE_LINE_OF_CODE":"12"}}
{"ts":1712597758416,"action":"IDE_DEACTIVATED"}
{"ts":1712597850727,"action":"IDE_ACTIVATED"}
{"ts":1712597860489,"action":"FILE_CLOSED","file":"/hw_project/quotes/utils.py","tags":{"FILE_LINE_OF_CODE":"12"}}
{"ts":1712597860489,"action":"FILE_OPENED","file":"/hw_project/conf/config.py","tags":{"FILE_LINE_OF_CODE":"25"}}
{"ts":1712597872888,"action":"FILE_CLOSED","file":"/hw_project/conf/config.py","tags":{"FILE_LINE_OF_CODE":"25"}}
{"ts":1712597872888,"action":"FILE_OPENED","file":"/.env","tags":{"FILE_LINE_OF_CODE":"34"}}
{"ts":1712597882835,"action":"FILE_CLOSED","file":"/.env","tags":{"FILE_LINE_OF_CODE":"34"}}
{"ts":1712597882835,"action":"FILE_OPENED","file":"/hw_project/quotes/utils.py","tags":{"FILE_LINE_OF_CODE":"12"}}
{"ts":1712597893986,"action":"IDE_DEACTIVATED"}
{"ts":1712597896383,"action":"IDE_ACTIVATED"}
{"ts":1712597937606,"action":"FILE_CLOSED","file":"/hw_project/quotes/utils.py","tags":{"FILE_LINE_OF_CODE":"12"}}
{"ts":1712597937606,"action":"FILE_OPENED","file":"/hw_project/conf/config.py","tags":{"FILE_LINE_OF_CODE":"25"}}
{"ts":1712597943973,"action":"FILE_CLOSED","file":"/hw_project/conf/config.py","tags":{"FILE_LINE_OF_CODE":"25"}}
{"ts":1712597943973,"action":"FILE_OPENED","file":"/.env","tags":{"FILE_LINE_OF_CODE":"34"}}
{"ts":1712597949162,"action":"FILE_CLOSED","file":"/.env","tags":{"FILE_LINE_OF_CODE":"34"}}
{"ts":1712597949162,"action":"FILE_OPENED","file":"/hw_project/conf/config.py","tags":{"FILE_LINE_OF_CODE":"25"}}
{"ts":1712597998645,"action":"FILE_CLOSED","file":"/hw_project/conf/config.py","tags":{"FILE_LINE_OF_CODE":"25"}}
{"ts":1712597998645,"action":"FILE_OPENED","file":"/.env","tags":{"FILE_LINE_OF_CODE":"34"}}
{"ts":1712598020289,"action":"FILE_CLOSED","file":"/.env","tags":{"FILE_LINE_OF_CODE":"34"}}
{"ts":1712598020289,"action":"FILE_OPENED","file":"/hw_project/hw_project/settings.py","tags":{"FILE_LINE_OF_CODE":"140"}}
{"ts":1712598021490,"action":"FILE_CLOSED","file":"/hw_project/hw_project/settings.py","tags":{"FILE_LINE_OF_CODE":"140"}}
{"ts":1712598021490,"action":"FILE_OPENED","file":"/.env","tags":{"FILE_LINE_OF_CODE":"34"}}
{"ts":1712598029033,"action":"FILE_CLOSED","file":"/.env","tags":{"FILE_LINE_OF_CODE":"34"}}
{"ts":1712598029033,"action":"FILE_OPENED","file":"/hw_project/conf/config.py","tags":{"FILE_LINE_OF_CODE":"25"}}
{"ts":1712598041633,"action":"FILE_CLOSED","file":"/hw_project/conf/config.py","tags":{"FILE_LINE_OF_CODE":"25"}}
{"ts":1712598041633,"action":"FILE_OPENED","file":"/.env","tags":{"FILE_LINE_OF_CODE":"34"}}
{"ts":1712598042446,"action":"FILE_CLOSED","file":"/.env","tags":{"FILE_LINE_OF_CODE":"34"}}
{"ts":1712598042446,"action":"FILE_OPENED","file":"/hw_project/quotes/utils.py","tags":{"FILE_LINE_OF_CODE":"12"}}
{"ts":1712598051427,"action":"FILE_CLOSED","file":"/hw_project/quotes/utils.py","tags":{"FILE_LINE_OF_CODE":"12"}}
{"ts":1712598051427,"action":"FILE_OPENED","file":"/hw_project/conf/config.py","tags":{"FILE_LINE_OF_CODE":"25"}}
{"ts":1712598054379,"action":"FILE_CLOSED","file":"/hw_project/conf/config.py","tags":{"FILE_LINE_OF_CODE":"25"}}
{"ts":1712598054379,"action":"FILE_OPENED","file":"/.env","tags":{"FILE_LINE_OF_CODE":"34"}}
{"ts":1712598055717,"action":"FILE_CLOSED","file":"/.env","tags":{"FILE_LINE_OF_CODE":"34"}}
{"ts":1712598055717,"action":"FILE_OPENED","file":"/hw_project/quotes/utils.py","tags":{"FILE_LINE_OF_CODE":"12"}}
{"ts":1712598061108,"action":"FILE_CLOSED","file":"/hw_project/quotes/utils.py","tags":{"FILE_LINE_OF_CODE":"12"}}
{"ts":1712598061108,"action":"FILE_OPENED","file":"/hw_project/hw_project/settings.py","tags":{"FILE_LINE_OF_CODE":"140"}}
{"ts":1712598084666,"action":"FILE_CLOSED","file":"/hw_project/hw_project/settings.py","tags":{"FILE_LINE_OF_CODE":"141"}}
{"ts":1712598084666,"action":"FILE_OPENED","file":"/hw_project/quotes/utils.py","tags":{"FILE_LINE_OF_CODE":"12"}}
{"ts":1712598094066,"action":"FILE_CLOSED","file":"/hw_project/quotes/utils.py","tags":{"FILE_LINE_OF_CODE":"12"}}
{"ts":1712598094066,"action":"FILE_OPENED","file":"/hw_project/hw_project/settings.py","tags":{"FILE_LINE_OF_CODE":"141"}}
{"ts":1712598116304,"action":"FILE_CLOSED","file":"/hw_project/hw_project/settings.py","tags":{"FILE_LINE_OF_CODE":"141"}}
{"ts":1712598116304,"action":"FILE_OPENED","file":"/hw_project/conf/config.py","tags":{"FILE_LINE_OF_CODE":"25"}}
{"ts":1712598122595,"action":"FILE_CLOSED","file":"/hw_project/conf/config.py","tags":{"FILE_LINE_OF_CODE":"25"}}
{"ts":1712598122595,"action":"FILE_OPENED","file":"/.env","tags":{"FILE_LINE_OF_CODE":"34"}}
{"ts":1712598150596,"action":"FILE_CLOSED","file":"/.env","tags":{"FILE_LINE_OF_CODE":"34"}}
{"ts":1712598150596,"action":"FILE_OPENED","file":"/hw_project/conf/config.py","tags":{"FILE_LINE_OF_CODE":"25"}}
{"ts":1712598200685,"action":"FILE_CLOSED","file":"/hw_project/conf/config.py","tags":{"FILE_LINE_OF_CODE":"26"}}
{"ts":1712598200685,"action":"FILE_OPENED","file":"/.env","tags":{"FILE_LINE_OF_CODE":"34"}}
{"ts":1712598205214,"action":"FILE_CLOSED","file":"/.env","tags":{"FILE_LINE_OF_CODE":"34"}}
{"ts":1712598205214,"action":"FILE_OPENED","file":"/hw_project/conf/config.py","tags":{"FILE_LINE_OF_CODE":"26"}}
{"ts":1712598217171,"action":"FILE_CLOSED","file":"/hw_project/conf/config.py","tags":{"FILE_LINE_OF_CODE":"26"}}
{"ts":1712598217171,"action":"FILE_OPENED","file":"/hw_project/hw_project/settings.py","tags":{"FILE_LINE_OF_CODE":"141"}}
{"ts":1712598241038,"action":"FILE_CLOSED","file":"/hw_project/hw_project/settings.py","tags":{"FILE_LINE_OF_CODE":"141"}}
{"ts":1712598241038,"action":"FILE_OPENED","file":"/hw_project/conf/config.py","tags":{"FILE_LINE_OF_CODE":"26"}}
{"ts":1712598258391,"action":"FILE_CLOSED","file":"/hw_project/conf/config.py","tags":{"FILE_LINE_OF_CODE":"28"}}
{"ts":1712598258391,"action":"FILE_OPENED","file":"/.env","tags":{"FILE_LINE_OF_CODE":"34"}}
{"ts":1712598270696,"action":"FILE_CLOSED","file":"/.env","tags":{"FILE_LINE_OF_CODE":"34"}}
{"ts":1712598270696,"action":"FILE_OPENED","file":"/hw_project/conf/config.py","tags":{"FILE_LINE_OF_CODE":"28"}}
{"ts":1712598275246,"action":"FILE_CLOSED","file":"/hw_project/conf/config.py","tags":{"FILE_LINE_OF_CODE":"28"}}
{"ts":1712598275247,"action":"FILE_OPENED","file":"/hw_project/hw_project/settings.py","tags":{"FILE_LINE_OF_CODE":"141"}}
{"ts":1712598354848,"action":"FILE_CLOSED","file":"/hw_project/hw_project/settings.py","tags":{"FILE_LINE_OF_CODE":"141"}}
{"ts":1712598354848,"action":"FILE_OPENED","file":"/hw_project/quotes/utils.py","tags":{"FILE_LINE_OF_CODE":"12"}}
{"ts":1712598397403,"action":"FILE_CLOSED","file":"/hw_project/quotes/utils.py","tags":{"FILE_LINE_OF_CODE":"12"}}
{"ts":1712598397403,"action":"FILE_OPENED","file":"/hw_project/hw_project/settings.py","tags":{"FILE_LINE_OF_CODE":"141"}}
{"ts":1712598446536,"action":"IDE_DEACTIVATED"}
{"ts":1712598447930,"action":"IDE_ACTIVATED"}
{"ts":1712598448455,"action":"IDE_DEACTIVATED"}
{"ts":1712598454160,"action":"IDE_ACTIVATED"}
{"ts":1712598459108,"action":"IDE_DEACTIVATED"}
{"ts":1712598462759,"action":"IDE_ACTIVATED"}
{"ts":1712598466997,"action":"IDE_DEACTIVATED"}
{"ts":1712598549248,"action":"IDE_ACTIVATED"}
{"ts":1712598550516,"action":"IDE_DEACTIVATED"}
{"ts":1712598552081,"action":"IDE_ACTIVATED"}
{"ts":1712598595529,"action":"IDE_DEACTIVATED"}
{"ts":1712598640091,"action":"IDE_ACTIVATED"}
{"ts":1712598650163,"action":"IDE_DEACTIVATED"}
{"ts":1712598653729,"action":"IDE_ACTIVATED"}
{"ts":1712598728895,"action":"IDE_DEACTIVATED"}
{"ts":1712598773237,"action":"IDE_ACTIVATED"}
{"ts":1712598856297,"action":"FILE_CLOSED","file":"/hw_project/hw_project/settings.py","tags":{"FILE_LINE_OF_CODE":"150"}}
{"ts":1712598856298,"action":"FILE_OPENED","file":"/.env","tags":{"FILE_LINE_OF_CODE":"34"}}
{"ts":1712598862089,"action":"FILE_CLOSED","file":"/.env","tags":{"FILE_LINE_OF_CODE":"34"}}
{"ts":1712598862089,"action":"FILE_OPENED","file":"/hw_project/conf/config.py","tags":{"FILE_LINE_OF_CODE":"28"}}
{"ts":1712598879268,"action":"FILE_CLOSED","file":"/hw_project/conf/config.py","tags":{"FILE_LINE_OF_CODE":"28"}}
{"ts":1712598879268,"action":"FILE_OPENED","file":"/hw_project/hw_project/settings.py","tags":{"FILE_LINE_OF_CODE":"150"}}
{"ts":1712598888987,"action":"FILE_CLOSED","file":"/hw_project/hw_project/settings.py","tags":{"FILE_LINE_OF_CODE":"150"}}
{"ts":1712598888988,"action":"FILE_OPENED","file":"/.env","tags":{"FILE_LINE_OF_CODE":"34"}}
{"ts":1712598894399,"action":"FILE_CLOSED","file":"/.env","tags":{"FILE_LINE_OF_CODE":"34"}}
{"ts":1712598894399,"action":"FILE_OPENED","file":"/hw_project/conf/config.py","tags":{"FILE_LINE_OF_CODE":"28"}}
{"ts":1712598895792,"action":"FILE_CLOSED","file":"/hw_project/conf/config.py","tags":{"FILE_LINE_OF_CODE":"28"}}
{"ts":1712598895792,"action":"FILE_OPENED","file":"/hw_project/hw_project/settings.py","tags":{"FILE_LINE_OF_CODE":"150"}}
{"ts":1712598905136,"action":"FILE_CLOSED","file":"/hw_project/hw_project/settings.py","tags":{"FILE_LINE_OF_CODE":"150"}}
{"ts":1712598905136,"action":"FILE_OPENED","file":"/hw_project/conf/config.py","tags":{"FILE_LINE_OF_CODE":"28"}}
{"ts":1712598994171,"action":"FILE_CLOSED","file":"/hw_project/conf/config.py","tags":{"FILE_LINE_OF_CODE":"28"}}
{"ts":1712598994171,"action":"FILE_OPENED","file":"/.env","tags":{"FILE_LINE_OF_CODE":"34"}}
{"ts":1712599002338,"action":"FILE_CLOSED","file":"/.env","tags":{"FILE_LINE_OF_CODE":"34"}}
{"ts":1712599002338,"action":"FILE_OPENED","file":"/hw_project/conf/config.py","tags":{"FILE_LINE_OF_CODE":"28"}}
{"ts":1712599025742,"action":"FILE_CLOSED","file":"/hw_project/conf/config.py","tags":{"FILE_LINE_OF_CODE":"28"}}
{"ts":1712599025742,"action":"FILE_OPENED","file":"/hw_project/hw_project/settings.py","tags":{"FILE_LINE_OF_CODE":"150"}}
{"ts":1712599034895,"action":"FILE_CLOSED","file":"/hw_project/hw_project/settings.py","tags":{"FILE_LINE_OF_CODE":"150"}}
{"ts":1712599034895,"action":"FILE_OPENED","file":"/.env","tags":{"FILE_LINE_OF_CODE":"34"}}
{"ts":1712599043437,"action":"FILE_CLOSED","file":"/.env","tags":{"FILE_LINE_OF_CODE":"34"}}
{"ts":1712599043437,"action":"FILE_OPENED","file":"/hw_project/conf/config.py","tags":{"FILE_LINE_OF_CODE":"28"}}
{"ts":1712599052209,"action":"FILE_CLOSED","file":"/hw_project/conf/config.py","tags":{"FILE_LINE_OF_CODE":"28"}}
{"ts":1712599052209,"action":"FILE_OPENED","file":"/.env","tags":{"FILE_LINE_OF_CODE":"34"}}
{"ts":1712599054329,"action":"FILE_CLOSED","file":"/.env","tags":{"FILE_LINE_OF_CODE":"34"}}
{"ts":1712599054329,"action":"FILE_OPENED","file":"/hw_project/conf/config.py","tags":{"FILE_LINE_OF_CODE":"28"}}
{"ts":1712599087593,"action":"FILE_CLOSED","file":"/hw_project/conf/config.py","tags":{"FILE_LINE_OF_CODE":"29"}}
{"ts":1712599087593,"action":"FILE_OPENED","file":"/.env","tags":{"FILE_LINE_OF_CODE":"34"}}
{"ts":1712599095120,"action":"FILE_CLOSED","file":"/.env","tags":{"FILE_LINE_OF_CODE":"34"}}
{"ts":1712599095120,"action":"FILE_OPENED","file":"/hw_project/conf/config.py","tags":{"FILE_LINE_OF_CODE":"29"}}
{"ts":1712599134414,"action":"FILE_CLOSED","file":"/hw_project/conf/config.py","tags":{"FILE_LINE_OF_CODE":"30"}}
{"ts":1712599134414,"action":"FILE_OPENED","file":"/hw_project/hw_project/settings.py","tags":{"FILE_LINE_OF_CODE":"150"}}
{"ts":1712599151896,"action":"FILE_CLOSED","file":"/hw_project/hw_project/settings.py","tags":{"FILE_LINE_OF_CODE":"150"}}
{"ts":1712599151896,"action":"FILE_OPENED","file":"/hw_project/conf/config.py","tags":{"FILE_LINE_OF_CODE":"30"}}
{"ts":1712599190489,"action":"FILE_CLOSED","file":"/hw_project/conf/config.py","tags":{"FILE_LINE_OF_CODE":"30"}}
{"ts":1712599190489,"action":"FILE_OPENED","file":"/hw_project/hw_project/settings.py","tags":{"FILE_LINE_OF_CODE":"150"}}
{"ts":1712599204902,"action":"FILE_CLOSED","file":"/hw_project/hw_project/settings.py","tags":{"FILE_LINE_OF_CODE":"150"}}
{"ts":1712599204902,"action":"FILE_OPENED","file":"/hw_project/conf/config.py","tags":{"FILE_LINE_OF_CODE":"30"}}
{"ts":1712599225987,"action":"IDE_DEACTIVATED"}
{"ts":1712599227429,"action":"IDE_ACTIVATED"}
{"ts":1712599228259,"action":"IDE_DEACTIVATED"}
{"ts":1712599247888,"action":"IDE_ACTIVATED"}
{"ts":1712599258189,"action":"IDE_DEACTIVATED"}
{"ts":1712599265596,"action":"IDE_ACTIVATED"}
{"ts":1712599267137,"action":"FILE_CLOSED","file":"/hw_project/conf/config.py","tags":{"FILE_LINE_OF_CODE":"30"}}
{"ts":1712599267137,"action":"FILE_OPENED","file":"/hw_project/hw_project/settings.py","tags":{"FILE_LINE_OF_CODE":"150"}}
{"ts":1712599269642,"action":"IDE_DEACTIVATED"}
{"ts":1712599288538,"action":"IDE_ACTIVATED"}
{"ts":1712599311458,"action":"FILE_CLOSED","file":"/hw_project/hw_project/settings.py","tags":{"FILE_LINE_OF_CODE":"150"}}
{"ts":1712599311458,"action":"FILE_OPENED","file":"/hw_project/conf/config.py","tags":{"FILE_LINE_OF_CODE":"30"}}
{"ts":1712599312735,"action":"FILE_CLOSED","file":"/hw_project/conf/config.py","tags":{"FILE_LINE_OF_CODE":"30"}}
{"ts":1712599312735,"action":"FILE_OPENED","file":"/hw_project/hw_project/settings.py","tags":{"FILE_LINE_OF_CODE":"150"}}
{"ts":1712599315042,"action":"FILE_CLOSED","file":"/hw_project/hw_project/settings.py","tags":{"FILE_LINE_OF_CODE":"150"}}
{"ts":1712599315042,"action":"FILE_OPENED","file":"/hw_project/conf/config.py","tags":{"FILE_LINE_OF_CODE":"30"}}
{"ts":1712599320004,"action":"FILE_CLOSED","file":"/hw_project/conf/config.py","tags":{"FILE_LINE_OF_CODE":"30"}}
{"ts":1712599320010,"action":"FILE_OPENED","file":"/hw_project/hw_project/settings.py","tags":{"FILE_LINE_OF_CODE":"150"}}
{"ts":1712599331594,"action":"FILE_CLOSED","file":"/hw_project/hw_project/settings.py","tags":{"FILE_LINE_OF_CODE":"150"}}
{"ts":1712599331594,"action":"FILE_OPENED","file":"/hw_project/conf/config.py","tags":{"FILE_LINE_OF_CODE":"30"}}
{"ts":1712599529406,"action":"IDE_DEACTIVATED"}
{"ts":1712599559939,"action":"IDE_ACTIVATED"}
{"ts":1712599565319,"action":"FILE_CLOSED","file":"/hw_project/conf/config.py","tags":{"FILE_LINE_OF_CODE":"30"}}
{"ts":1712599565319,"action":"FILE_OPENED","file":"/hw_project/hw_project/settings.py","tags":{"FILE_LINE_OF_CODE":"150"}}
{"ts":1712599574522,"action":"IDE_DEACTIVATED"}
{"ts":1712599579247,"action":"IDE_ACTIVATED"}
{"ts":1712599591932,"action":"IDE_DEACTIVATED"}
{"ts":1712599596544,"action":"IDE_ACTIVATED"}
{"ts":1712599659191,"action":"IDE_DEACTIVATED"}
{"ts":1712599685041,"action":"IDE_ACTIVATED"}
{"ts":1712599686482,"action":"FILE_CLOSED","file":"/hw_project/hw_project/settings.py","tags":{"FILE_LINE_OF_CODE":"150"}}
{"ts":1712599686483,"action":"FILE_OPENED","file":"/hw_project/quotes/utils.py","tags":{"FILE_LINE_OF_CODE":"12"}}
{"ts":1712599699621,"action":"IDE_DEACTIVATED"}
{"ts":1712599721046,"action":"IDE_ACTIVATED"}
{"ts":1712599723361,"action":"FILE_CLOSED","file":"/hw_project/quotes/utils.py","tags":{"FILE_LINE_OF_CODE":"12"}}
{"ts":1712599723361,"action":"FILE_OPENED","file":"/.env","tags":{"FILE_LINE_OF_CODE":"34"}}
{"ts":1712599727799,"action":"IDE_DEACTIVATED"}
{"ts":1712599781967,"action":"IDE_ACTIVATED"}
{"ts":1712599788283,"action":"IDE_DEACTIVATED"}
{"ts":1712599790402,"action":"IDE_ACTIVATED"}
{"ts":1712599793863,"action":"IDE_DEACTIVATED"}
{"ts":1712599848118,"action":"IDE_ACTIVATED"}
{"ts":1712599850377,"action":"FILE_CLOSED","file":"/.env","tags":{"FILE_LINE_OF_CODE":"34"}}
{"ts":1712599850377,"action":"FILE_OPENED","file":"/hw_project/quotes/utils.py","tags":{"FILE_LINE_OF_CODE":"12"}}
{"ts":1712599879195,"action":"IDE_DEACTIVATED"}
{"ts":1712599880726,"action":"IDE_ACTIVATED"}
{"ts":1712599926730,"action":"IDE_DEACTIVATED"}
{"ts":1712600055192,"action":"IDE_ACTIVATED"}
{"ts":1712600092966,"action":"IDE_DEACTIVATED"}
{"ts":1712600094155,"action":"IDE_ACTIVATED"}
{"ts":1712600102214,"action":"IDE_DEACTIVATED"}
{"ts":1712600104000,"action":"IDE_ACTIVATED"}
{"ts":1712600107730,"action":"FILE_CLOSED","file":"/hw_project/quotes/utils.py","tags":{"FILE_LINE_OF_CODE":"25"}}
{"ts":1712600107732,"action":"FILE_OPENED","file":"/hw_project/hw_project/settings.py","tags":{"FILE_LINE_OF_CODE":"150"}}
{"ts":1712600140578,"action":"IDE_DEACTIVATED"}
{"ts":1712600141454,"action":"IDE_ACTIVATED"}
{"ts":1712600143805,"action":"IDE_DEACTIVATED"}
{"ts":1712600155861,"action":"IDE_ACTIVATED"}
{"ts":1712600189188,"action":"IDE_DEACTIVATED"}
{"ts":1712600202968,"action":"IDE_ACTIVATED"}
{"ts":1712600228135,"action":"IDE_DEACTIVATED"}
{"ts":1712600284343,"action":"IDE_ACTIVATED"}
{"ts":1712600317756,"action":"FILE_CLOSED","file":"/hw_project/hw_project/settings.py","tags":{"FILE_LINE_OF_CODE":"152"}}
{"ts":1712600317756,"action":"FILE_OPENED","file":"/hw_project/conf/config.py","tags":{"FILE_LINE_OF_CODE":"30"}}
{"ts":1712600321969,"action":"FILE_CLOSED","file":"/hw_project/conf/config.py","tags":{"FILE_LINE_OF_CODE":"30"}}
{"ts":1712600321969,"action":"FILE_OPENED","file":"/hw_project/conf/config.py","tags":{"FILE_LINE_OF_CODE":"30"}}
{"ts":1712600323690,"action":"FILE_CLOSED","file":"/hw_project/conf/config.py","tags":{"FILE_LINE_OF_CODE":"30"}}
{"ts":1712600323690,"action":"FILE_OPENED","file":"/hw_project/hw_project/settings.py","tags":{"FILE_LINE_OF_CODE":"152"}}
{"ts":1712600343690,"action":"FILE_CLOSED","file":"/hw_project/hw_project/settings.py","tags":{"FILE_LINE_OF_CODE":"152"}}
{"ts":1712600343690,"action":"FILE_OPENED","file":"/.env","tags":{"FILE_LINE_OF_CODE":"34"}}
{"ts":1712600344195,"action":"FILE_CLOSED","file":"/.env","tags":{"FILE_LINE_OF_CODE":"34"}}
{"ts":1712600344195,"action":"FILE_OPENED","file":"/hw_project/hw_project/settings.py","tags":{"FILE_LINE_OF_CODE":"152"}}
{"ts":1712600346297,"action":"FILE_CLOSED","file":"/hw_project/hw_project/settings.py","tags":{"FILE_LINE_OF_CODE":"152"}}
{"ts":1712600346297,"action":"FILE_OPENED","file":"/.env","tags":{"FILE_LINE_OF_CODE":"34"}}
{"ts":1712600348968,"action":"FILE_CLOSED","file":"/.env","tags":{"FILE_LINE_OF_CODE":"34"}}
{"ts":1712600348972,"action":"FILE_OPENED","file":"/hw_project/conf/config.py","tags":{"FILE_LINE_OF_CODE":"30"}}
{"ts":1712600375342,"action":"FILE_CLOSED","file":"/hw_project/conf/config.py","tags":{"FILE_LINE_OF_CODE":"30"}}
{"ts":1712600375342,"action":"FILE_OPENED","file":"/.env","tags":{"FILE_LINE_OF_CODE":"34"}}
{"ts":1712600387156,"action":"FILE_CLOSED","file":"/.env","tags":{"FILE_LINE_OF_CODE":"34"}}
{"ts":1712600387157,"action":"FILE_OPENED","file":"/hw_project/conf/config.py","tags":{"FILE_LINE_OF_CODE":"30"}}
{"ts":1712600442311,"action":"FILE_CLOSED","file":"/hw_project/conf/config.py","tags":{"FILE_LINE_OF_CODE":"30"}}
{"ts":1712600442312,"action":"FILE_OPENED","file":"/hw_project/hw_project/settings.py","tags":{"FILE_LINE_OF_CODE":"152"}}
{"ts":1712600470913,"action":"IDE_DEACTIVATED"}
{"ts":1712600694191,"action":"IDE_ACTIVATED"}
{"ts":1712600700401,"action":"IDE_DEACTIVATED"}
{"ts":1712600745684,"action":"IDE_ACTIVATED"}
{"ts":1712600747156,"action":"FILE_CLOSED","file":"/hw_project/hw_project/settings.py","tags":{"FILE_LINE_OF_CODE":"152"}}
{"ts":1712600747156,"action":"FILE_OPENED","file":"/hw_project/conf/config.py","tags":{"FILE_LINE_OF_CODE":"30"}}
{"ts":1712600749485,"action":"IDE_DEACTIVATED"}
{"ts":1712600788823,"action":"IDE_ACTIVATED"}
{"ts":1712600790433,"action":"IDE_DEACTIVATED"}
{"ts":1712600794355,"action":"IDE_ACTIVATED"}
{"ts":1712600816867,"action":"FILE_CLOSED","file":"/hw_project/conf/config.py","tags":{"FILE_LINE_OF_CODE":"59"}}
{"ts":1712600816867,"action":"FILE_OPENED","file":"/hw_project/hw_project/settings.py","tags":{"FILE_LINE_OF_CODE":"152"}}
{"ts":1712600834307,"action":"IDE_DEACTIVATED"}
{"ts":1712600841481,"action":"IDE_ACTIVATED"}
{"ts":1712600883982,"action":"IDE_DEACTIVATED"}
{"ts":1712600889417,"action":"IDE_ACTIVATED"}
{"ts":1712600961424,"action":"IDE_DEACTIVATED"}
{"ts":1712600961461,"action":"IDE_ACTIVATED"}
{"ts":1712600991249,"action":"IDE_DEACTIVATED"}
{"ts":1712600991256,"action":"IDE_ACTIVATED"}
{"ts":1712600993568,"action":"IDE_DEACTIVATED"}
{"ts":1712601028803,"action":"IDE_ACTIVATED"}
{"ts":1712601107698,"action":"IDE_DEACTIVATED"}
{"ts":1712601113799,"action":"IDE_ACTIVATED"}
{"ts":1712601114796,"action":"IDE_DEACTIVATED"}
{"ts":1712601115504,"action":"IDE_ACTIVATED"}
{"ts":1712601124626,"action":"IDE_DEACTIVATED"}
{"ts":1712601125144,"action":"IDE_ACTIVATED"}
{"ts":1712601175618,"action":"FILE_CLOSED","file":"/hw_project/hw_project/settings.py","tags":{"FILE_LINE_OF_CODE":"156"}}
{"ts":1712601175618,"action":"FILE_OPENED","file":"/hw_project/manage.py","tags":{"FILE_LINE_OF_CODE":"23"}}
{"ts":1712601211303,"action":"IDE_DEACTIVATED"}
{"ts":1712601233616,"action":"IDE_ACTIVATED"}
{"ts":1712601240444,"action":"FILE_CLOSED","file":"/hw_project/manage.py","tags":{"FILE_LINE_OF_CODE":"23"}}
{"ts":1712601240444,"action":"FILE_OPENED","file":"/hw_project/conf/config.py","tags":{"FILE_LINE_OF_CODE":"59"}}
{"ts":1712601249262,"action":"IDE_DEACTIVATED"}
{"ts":1712601250746,"action":"IDE_ACTIVATED"}
{"ts":1712601260638,"action":"IDE_DEACTIVATED"}
{"ts":1712601262253,"action":"IDE_ACTIVATED"}
{"ts":1712601266196,"action":"IDE_DEACTIVATED"}
{"ts":1712601279528,"action":"IDE_ACTIVATED"}
{"ts":1712601311905,"action":"IDE_DEACTIVATED"}
{"ts":1712601381592,"action":"IDE_ACTIVATED"}
{"ts":1712601388322,"action":"FILE_CLOSED","file":"/hw_project/conf/config.py","tags":{"FILE_LINE_OF_CODE":"61"}}
{"ts":1712601388323,"action":"FILE_OPENED","file":"/hw_project/hw_project/settings.py","tags":{"FILE_LINE_OF_CODE":"156"}}
{"ts":1712601423363,"action":"IDE_DEACTIVATED"}
{"ts":1712601658648,"action":"IDE_ACTIVATED"}
{"ts":1712601671310,"action":"FILE_CLOSED","file":"/hw_project/hw_project/settings.py","tags":{"FILE_LINE_OF_CODE":"156"}}
{"ts":1712601671312,"action":"FILE_OPENED","file":"/hw_project/conf/config.py","tags":{"FILE_LINE_OF_CODE":"61"}}
{"ts":1712601675463,"action":"IDE_DEACTIVATED"}
{"ts":1712601679854,"action":"IDE_ACTIVATED"}
{"ts":1712601682862,"action":"IDE_DEACTIVATED"}
{"ts":1712601686227,"action":"IDE_ACTIVATED"}
{"ts":1712601705687,"action":"IDE_DEACTIVATED"}
{"ts":1712601705969,"action":"IDE_ACTIVATED"}
{"ts":1712601711290,"action":"FILE_CLOSED","file":"/hw_project/conf/config.py","tags":{"FILE_LINE_OF_CODE":"62"}}
{"ts":1712601711290,"action":"FILE_OPENED","file":"/hw_project/manage.py","tags":{"FILE_LINE_OF_CODE":"23"}}
{"ts":1712601716248,"action":"FILE_CLOSED","file":"/hw_project/manage.py","tags":{"FILE_LINE_OF_CODE":"23"}}
{"ts":1712601716252,"action":"FILE_OPENED","file":"/hw_project/hw_project/settings.py","tags":{"FILE_LINE_OF_CODE":"156"}}
{"ts":1712601769569,"action":"FILE_CLOSED","file":"/hw_project/hw_project/settings.py","tags":{"FILE_LINE_OF_CODE":"156"}}
{"ts":1712601769569,"action":"FILE_OPENED","file":"/hw_project/conf/__init__.py","tags":{"FILE_LINE_OF_CODE":"0"}}
{"ts":1712601775724,"action":"FILE_CLOSED","file":"/hw_project/conf/__init__.py","tags":{"FILE_LINE_OF_CODE":"0"}}
{"ts":1712601775728,"action":"FILE_OPENED","file":"/hw_project/hw_project/settings.py","tags":{"FILE_LINE_OF_CODE":"156"}}
{"ts":1712601814216,"action":"IDE_DEACTIVATED"}
{"ts":1712601837443,"action":"IDE_ACTIVATED"}
{"ts":1712601899651,"action":"IDE_DEACTIVATED"}
{"ts":1712602046666,"action":"IDE_ACTIVATED"}
{"ts":1712602064227,"action":"IDE_DEACTIVATED"}
{"ts":1712602073691,"action":"IDE_ACTIVATED"}
{"ts":1712602091692,"action":"IDE_DEACTIVATED"}
{"ts":1712602091700,"action":"IDE_ACTIVATED"}
{"ts":1712602106448,"action":"IDE_DEACTIVATED"}
{"ts":1712602154326,"action":"IDE_ACTIVATED"}
{"ts":1712602255627,"action":"FILE_CLOSED","file":"/hw_project/hw_project/settings.py","tags":{"FILE_LINE_OF_CODE":"157"}}
{"ts":1712602255627,"action":"FILE_OPENED","file":"/hw_project/.env","tags":{"FILE_LINE_OF_CODE":"0"}}
{"ts":1712602258929,"action":"IDE_DEACTIVATED"}
{"ts":1712602261742,"action":"IDE_ACTIVATED"}
{"ts":1712602264750,"action":"IDE_DEACTIVATED"}
{"ts":1712602292940,"action":"IDE_ACTIVATED"}
{"ts":1712602295024,"action":"FILE_CLOSED","file":"/hw_project/.env","tags":{"FILE_LINE_OF_CODE":"13"}}
{"ts":1712602295024,"action":"FILE_OPENED","file":"/hw_project/hw_project/settings.py","tags":{"FILE_LINE_OF_CODE":"157"}}
{"ts":1712602309851,"action":"FILE_CLOSED","file":"/hw_project/hw_project/settings.py","tags":{"FILE_LINE_OF_CODE":"158"}}
{"ts":1712602309851,"action":"FILE_OPENED","file":"/.wvenv","tags":{"FILE_LINE_OF_CODE":"34"}}
{"ts":1712602326673,"action":"IDE_DEACTIVATED"}
{"ts":1712602328173,"action":"IDE_ACTIVATED"}
{"ts":1712602330618,"action":"FILE_CLOSED","file":"/.wvenv","tags":{"FILE_LINE_OF_CODE":"34"}}
{"ts":1712602330618,"action":"FILE_OPENED","file":"/hw_project/.env","tags":{"FILE_LINE_OF_CODE":"13"}}
{"ts":1712602342621,"action":"IDE_DEACTIVATED"}
{"ts":1712602366037,"action":"IDE_ACTIVATED"}
{"ts":1712602379486,"action":"FILE_CLOSED","file":"/hw_project/.env","tags":{"FILE_LINE_OF_CODE":"13"}}
{"ts":1712602379486,"action":"FILE_OPENED","file":"/hw_project/hw_project/settings.py","tags":{"FILE_LINE_OF_CODE":"158"}}
{"ts":1712602391454,"action":"IDE_DEACTIVATED"}
{"ts":1712602407194,"action":"IDE_ACTIVATED"}
{"ts":1712602409805,"action":"IDE_DEACTIVATED"}
{"ts":1712602429510,"action":"IDE_ACTIVATED"}
{"ts":1712602433492,"action":"IDE_DEACTIVATED"}
{"ts":1712602447085,"action":"IDE_ACTIVATED"}
{"ts":1712602451944,"action":"IDE_DEACTIVATED"}
{"ts":1712602468869,"action":"IDE_ACTIVATED"}
{"ts":1712602469752,"action":"FILE_CLOSED","file":"/hw_project/hw_project/settings.py","tags":{"FILE_LINE_OF_CODE":"154"}}
{"ts":1712602469753,"action":"FILE_OPENED","file":"/hw_project/.env","tags":{"FILE_LINE_OF_CODE":"13"}}
{"ts":1712602471111,"action":"IDE_DEACTIVATED"}
{"ts":1712602500375,"action":"IDE_ACTIVATED"}
{"ts":1712602512234,"action":"FILE_CLOSED","file":"/hw_project/.env","tags":{"FILE_LINE_OF_CODE":"13"}}
{"ts":1712602512234,"action":"FILE_OPENED","file":"/.wvenv","tags":{"FILE_LINE_OF_CODE":"34"}}
{"ts":1712602528690,"action":"FILE_CLOSED","file":"/.wvenv","tags":{"FILE_LINE_OF_CODE":"34"}}
{"ts":1712602528690,"action":"FILE_OPENED","file":"/hw_project/.env","tags":{"FILE_LINE_OF_CODE":"13"}}
{"ts":1712602530948,"action":"IDE_DEACTIVATED"}
{"ts":1712602569891,"action":"IDE_ACTIVATED"}
{"ts":1712602588400,"action":"FILE_CLOSED","file":"/hw_project/.env","tags":{"FILE_LINE_OF_CODE":"13"}}
{"ts":1712602588400,"action":"FILE_OPENED","file":"/hw_project/hw_project/settings.py","tags":{"FILE_LINE_OF_CODE":"154"}}
{"ts":1712602616919,"action":"IDE_DEACTIVATED"}
{"ts":1712602639471,"action":"IDE_ACTIVATED"}
{"ts":1712602639607,"action":"FILE_CLOSED","file":"/hw_project/hw_project/settings.py","tags":{"FILE_LINE_OF_CODE":"154"}}
{"ts":1712602639607,"action":"FILE_OPENED","file":"/hw_project/.env","tags":{"FILE_LINE_OF_CODE":"13"}}
{"ts":1712602647395,"action":"FILE_CLOSED","file":"/hw_project/.env","tags":{"FILE_LINE_OF_CODE":"13"}}
{"ts":1712602647395,"action":"FILE_OPENED","file":"/hw_project/hw_project/settings.py","tags":{"FILE_LINE_OF_CODE":"154"}}
{"ts":1712602649203,"action":"FILE_CLOSED","file":"/hw_project/hw_project/settings.py","tags":{"FILE_LINE_OF_CODE":"154"}}
{"ts":1712602649203,"action":"FILE_OPENED","file":"/hw_project/conf/config.py","tags":{"FILE_LINE_OF_CODE":"62"}}
{"ts":1712602650151,"action":"FILE_CLOSED","file":"/hw_project/conf/config.py","tags":{"FILE_LINE_OF_CODE":"62"}}
{"ts":1712602650151,"action":"FILE_OPENED","file":"/hw_project/.env","tags":{"FILE_LINE_OF_CODE":"13"}}
{"ts":1712602656097,"action":"FILE_CLOSED","file":"/hw_project/.env","tags":{"FILE_LINE_OF_CODE":"13"}}
{"ts":1712602656097,"action":"FILE_OPENED","file":"/hw_project/hw_project/settings.py","tags":{"FILE_LINE_OF_CODE":"154"}}
{"ts":1712602697645,"action":"IDE_DEACTIVATED"}
{"ts":1712602732217,"action":"IDE_ACTIVATED"}
{"ts":1712602775071,"action":"IDE_DEACTIVATED"}
{"ts":1712602829622,"action":"IDE_ACTIVATED"}
{"ts":1712602837061,"action":"IDE_DEACTIVATED"}
{"ts":1712602841175,"action":"IDE_ACTIVATED"}
{"ts":1712602867147,"action":"IDE_DEACTIVATED"}
{"ts":1712602870188,"action":"IDE_ACTIVATED"}
{"ts":1712602870909,"action":"IDE_DEACTIVATED"}
{"ts":1712602886382,"action":"IDE_ACTIVATED"}
{"ts":1712602890217,"action":"IDE_DEACTIVATED"}
{"ts":1712602892311,"action":"IDE_ACTIVATED"}
{"ts":1712602926494,"action":"IDE_DEACTIVATED"}
{"ts":1712602967882,"action":"IDE_ACTIVATED"}
{"ts":1712602982547,"action":"IDE_DEACTIVATED"}
{"ts":1712602989007,"action":"IDE_ACTIVATED"}
{"ts":1712603025488,"action":"IDE_DEACTIVATED"}
{"ts":1712603027203,"action":"IDE_ACTIVATED"}
{"ts":1712603096101,"action":"IDE_DEACTIVATED"}
{"ts":1712603098375,"action":"IDE_ACTIVATED"}
{"ts":1712603107157,"action":"IDE_DEACTIVATED"}
{"ts":1712603109844,"action":"IDE_ACTIVATED"}
{"ts":1712603115706,"action":"IDE_DEACTIVATED"}
{"ts":1712603116610,"action":"IDE_ACTIVATED"}
{"ts":1712603139767,"action":"IDE_DEACTIVATED"}
{"ts":1712603140855,"action":"IDE_ACTIVATED"}
{"ts":1712603158256,"action":"IDE_DEACTIVATED"}
{"ts":1712603159816,"action":"IDE_ACTIVATED"}
{"ts":1712603160166,"action":"IDE_DEACTIVATED"}
{"ts":1712603177909,"action":"IDE_ACTIVATED"}
{"ts":1712603195779,"action":"IDE_DEACTIVATED"}
{"ts":1712603235481,"action":"IDE_ACTIVATED"}
{"ts":1712603273154,"action":"FILE_CLOSED","file":"/hw_project/hw_project/settings.py","tags":{"FILE_LINE_OF_CODE":"155"}}
{"ts":1712603273154,"action":"FILE_OPENED","file":"/main.py","tags":{"FILE_LINE_OF_CODE":"17"}}
{"ts":1712603277250,"action":"FILE_CLOSED","file":"/main.py","tags":{"FILE_LINE_OF_CODE":"17"}}
{"ts":1712603277273,"action":"FILE_OPENED","file":"/hw_project/hw_project/settings.py","tags":{"FILE_LINE_OF_CODE":"155"}}
{"ts":1712603280662,"action":"IDE_DEACTIVATED"}
{"ts":1712603355668,"action":"IDE_ACTIVATED"}
{"ts":1712603377049,"action":"FILE_CLOSED","file":"/hw_project/hw_project/settings.py","tags":{"FILE_LINE_OF_CODE":"155"}}
{"ts":1712603377049,"action":"FILE_OPENED","file":"/hw_project/notes/.env","tags":{"FILE_LINE_OF_CODE":"13"}}
{"ts":1712603378816,"action":"FILE_CLOSED","file":"/hw_project/notes/.env","tags":{"FILE_LINE_OF_CODE":"13"}}
{"ts":1712603378822,"action":"FILE_OPENED","file":"/.wvenv","tags":{"FILE_LINE_OF_CODE":"34"}}
{"ts":1712603380053,"action":"FILE_CLOSED","file":"/.wvenv","tags":{"FILE_LINE_OF_CODE":"34"}}
{"ts":1712603380053,"action":"FILE_OPENED","file":"/hw_project/quotes/utils.py","tags":{"FILE_LINE_OF_CODE":"25"}}
{"ts":1712603423303,"action":"IDE_DEACTIVATED"}
{"ts":1712603496077,"action":"IDE_ACTIVATED"}
{"ts":1712603594762,"action":"FILE_CLOSED","file":"/hw_project/quotes/utils.py","tags":{"FILE_LINE_OF_CODE":"11"}}
{"ts":1712603594762,"action":"FILE_OPENED","file":"/.wvenv","tags":{"FILE_LINE_OF_CODE":"34"}}
{"ts":1712603607000,"action":"IDE_DEACTIVATED"}
{"ts":1712603607731,"action":"IDE_ACTIVATED"}
{"ts":1712603608665,"action":"IDE_DEACTIVATED"}
{"ts":1712603612647,"action":"IDE_ACTIVATED"}
{"ts":1712603618647,"action":"FILE_CLOSED","file":"/.wvenv","tags":{"FILE_LINE_OF_CODE":"34"}}
{"ts":1712603618647,"action":"FILE_OPENED","file":"/hw_project/notes/.env","tags":{"FILE_LINE_OF_CODE":"13"}}
{"ts":1712603629958,"action":"FILE_CLOSED","file":"/hw_project/notes/.env","tags":{"FILE_LINE_OF_CODE":"16"}}
{"ts":1712603629958,"action":"FILE_OPENED","file":"/.wvenv","tags":{"FILE_LINE_OF_CODE":"34"}}
{"ts":1712603640525,"action":"IDE_DEACTIVATED"}
{"ts":1712603641624,"action":"IDE_ACTIVATED"}
{"ts":1712603643527,"action":"FILE_CLOSED","file":"/.wvenv","tags":{"FILE_LINE_OF_CODE":"34"}}
{"ts":1712603643527,"action":"FILE_OPENED","file":"/hw_project/notes/.env","tags":{"FILE_LINE_OF_CODE":"16"}}
{"ts":1712603653500,"action":"FILE_CLOSED","file":"/hw_project/notes/.env","tags":{"FILE_LINE_OF_CODE":"20"}}
{"ts":1712603653500,"action":"FILE_OPENED","file":"/hw_project/quotes/utils.py","tags":{"FILE_LINE_OF_CODE":"11"}}
{"ts":1712603688808,"action":"FILE_CLOSED","file":"/hw_project/quotes/utils.py","tags":{"FILE_LINE_OF_CODE":"11"}}
{"ts":1712603688808,"action":"FILE_OPENED","file":"/hw_project/notes/.env","tags":{"FILE_LINE_OF_CODE":"20"}}
{"ts":1712603696174,"action":"FILE_CLOSED","file":"/hw_project/notes/.env","tags":{"FILE_LINE_OF_CODE":"20"}}
{"ts":1712603696174,"action":"FILE_OPENED","file":"/hw_project/quotes/utils.py","tags":{"FILE_LINE_OF_CODE":"11"}}
{"ts":1712603817941,"action":"IDE_DEACTIVATED"}
{"ts":1712603819394,"action":"IDE_ACTIVATED"}
{"ts":1712603820231,"action":"IDE_DEACTIVATED"}
{"ts":1712603832602,"action":"IDE_ACTIVATED"}
{"ts":1712603837748,"action":"FILE_CLOSED","file":"/hw_project/quotes/utils.py","tags":{"FILE_LINE_OF_CODE":"11"}}
{"ts":1712603837748,"action":"FILE_OPENED","file":"/hw_project/notes/.env","tags":{"FILE_LINE_OF_CODE":"20"}}
{"ts":1712603840861,"action":"IDE_DEACTIVATED"}
{"ts":1712603900637,"action":"IDE_ACTIVATED"}
{"ts":1712603902780,"action":"FILE_CLOSED","file":"/hw_project/notes/.env","tags":{"FILE_LINE_OF_CODE":"20"}}
{"ts":1712603902780,"action":"FILE_OPENED","file":"/hw_project/quotes/utils.py","tags":{"FILE_LINE_OF_CODE":"11"}}
{"ts":1712603965959,"action":"FILE_CLOSED","file":"/hw_project/quotes/utils.py","tags":{"FILE_LINE_OF_CODE":"23"}}
{"ts":1712603966026,"action":"FILE_OPENED","file":"/hw_project/notes/.env","tags":{"FILE_LINE_OF_CODE":"20"}}
{"ts":1712603984480,"action":"FILE_CLOSED","file":"/hw_project/notes/.env","tags":{"FILE_LINE_OF_CODE":"20"}}
{"ts":1712603984481,"action":"FILE_OPENED","file":"/hw_project/quotes/apps.py","tags":{"FILE_LINE_OF_CODE":"7"}}
{"ts":1712603989075,"action":"FILE_CLOSED","file":"/hw_project/quotes/apps.py","tags":{"FILE_LINE_OF_CODE":"7"}}
{"ts":1712603989078,"action":"FILE_OPENED","file":"/hw_project/notes/.env","tags":{"FILE_LINE_OF_CODE":"20"}}
{"ts":1712603990884,"action":"FILE_CLOSED","file":"/hw_project/notes/.env","tags":{"FILE_LINE_OF_CODE":"20"}}
{"ts":1712603990890,"action":"FILE_OPENED","file":"/.wvenv","tags":{"FILE_LINE_OF_CODE":"34"}}
{"ts":1712603992040,"action":"FILE_CLOSED","file":"/.wvenv","tags":{"FILE_LINE_OF_CODE":"34"}}
{"ts":1712603992044,"action":"FILE_OPENED","file":"/hw_project/hw_project/settings.py","tags":{"FILE_LINE_OF_CODE":"155"}}
{"ts":1712603994151,"action":"FILE_CLOSED","file":"/hw_project/hw_project/settings.py","tags":{"FILE_LINE_OF_CODE":"155"}}
{"ts":1712603994151,"action":"FILE_OPENED","file":"/hw_project/quotes/forms.py","tags":{"FILE_LINE_OF_CODE":"38"}}
{"ts":1712604000055,"action":"FILE_CLOSED","file":"/hw_project/quotes/forms.py","tags":{"FILE_LINE_OF_CODE":"38"}}
{"ts":1712604000061,"action":"FILE_OPENED","file":"/hw_project/hw_project/settings.py","tags":{"FILE_LINE_OF_CODE":"155"}}
{"ts":1712604001356,"action":"FILE_CLOSED","file":"/hw_project/hw_project/settings.py","tags":{"FILE_LINE_OF_CODE":"155"}}
{"ts":1712604001356,"action":"FILE_OPENED","file":"/hw_project/quotes/models.py","tags":{"FILE_LINE_OF_CODE":"35"}}
{"ts":1712604009228,"action":"FILE_CLOSED","file":"/hw_project/quotes/models.py","tags":{"FILE_LINE_OF_CODE":"35"}}
{"ts":1712604009233,"action":"FILE_OPENED","file":"/hw_project/hw_project/settings.py","tags":{"FILE_LINE_OF_CODE":"155"}}
{"ts":1712604010314,"action":"FILE_CLOSED","file":"/hw_project/hw_project/settings.py","tags":{"FILE_LINE_OF_CODE":"155"}}
{"ts":1712604010314,"action":"FILE_OPENED","file":"/hw_project/quotes/tests.py","tags":{"FILE_LINE_OF_CODE":"4"}}
{"ts":1712604011986,"action":"FILE_CLOSED","file":"/hw_project/quotes/tests.py","tags":{"FILE_LINE_OF_CODE":"4"}}
{"ts":1712604011989,"action":"FILE_OPENED","file":"/hw_project/hw_project/settings.py","tags":{"FILE_LINE_OF_CODE":"155"}}
{"ts":1712604013006,"action":"FILE_CLOSED","file":"/hw_project/hw_project/settings.py","tags":{"FILE_LINE_OF_CODE":"155"}}
{"ts":1712604013006,"action":"FILE_OPENED","file":"/hw_project/quotes/urls.py","tags":{"FILE_LINE_OF_CODE":"14"}}
{"ts":1712604015860,"action":"FILE_CLOSED","file":"/hw_project/quotes/urls.py","tags":{"FILE_LINE_OF_CODE":"14"}}
{"ts":1712604015865,"action":"FILE_OPENED","file":"/hw_project/hw_project/settings.py","tags":{"FILE_LINE_OF_CODE":"155"}}
{"ts":1712604017187,"action":"FILE_CLOSED","file":"/hw_project/hw_project/settings.py","tags":{"FILE_LINE_OF_CODE":"155"}}
{"ts":1712604017187,"action":"FILE_OPENED","file":"/hw_project/quotes/utils.py","tags":{"FILE_LINE_OF_CODE":"23"}}
{"ts":1712604019936,"action":"FILE_CLOSED","file":"/hw_project/quotes/utils.py","tags":{"FILE_LINE_OF_CODE":"23"}}
{"ts":1712604019940,"action":"FILE_OPENED","file":"/hw_project/hw_project/settings.py","tags":{"FILE_LINE_OF_CODE":"155"}}
{"ts":1712604021713,"action":"FILE_CLOSED","file":"/hw_project/hw_project/settings.py","tags":{"FILE_LINE_OF_CODE":"155"}}
{"ts":1712604021713,"action":"FILE_OPENED","file":"/hw_project/quotes/views.py","tags":{"FILE_LINE_OF_CODE":"55"}}
{"ts":1712604042818,"action":"FILE_CLOSED","file":"/hw_project/quotes/views.py","tags":{"FILE_LINE_OF_CODE":"55"}}
{"ts":1712604042822,"action":"FILE_OPENED","file":"/hw_project/hw_project/settings.py","tags":{"FILE_LINE_OF_CODE":"155"}}
{"ts":1712604046666,"action":"FILE_CLOSED","file":"/hw_project/hw_project/settings.py","tags":{"FILE_LINE_OF_CODE":"155"}}
{"ts":1712604046666,"action":"FILE_OPENED","file":"/hw_project/utils/add_quotes_to_mongo.py","tags":{"FILE_LINE_OF_CODE":"22"}}
{"ts":1712604057092,"action":"FILE_CLOSED","file":"/hw_project/utils/add_quotes_to_mongo.py","tags":{"FILE_LINE_OF_CODE":"22"}}
{"ts":1712604057092,"action":"FILE_OPENED","file":"/hw_project/quotes/utils.py","tags":{"FILE_LINE_OF_CODE":"23"}}
{"ts":1712604062113,"action":"FILE_CLOSED","file":"/hw_project/quotes/utils.py","tags":{"FILE_LINE_OF_CODE":"23"}}
{"ts":1712604062113,"action":"FILE_OPENED","file":"/hw_project/utils/add_quotes_to_mongo.py","tags":{"FILE_LINE_OF_CODE":"22"}}
{"ts":1712604071578,"action":"FILE_CLOSED","file":"/hw_project/utils/add_quotes_to_mongo.py","tags":{"FILE_LINE_OF_CODE":"22"}}
{"ts":1712604071578,"action":"FILE_OPENED","file":"/hw_project/quotes/utils.py","tags":{"FILE_LINE_OF_CODE":"23"}}
{"ts":1712604075243,"action":"FILE_CLOSED","file":"/hw_project/quotes/utils.py","tags":{"FILE_LINE_OF_CODE":"23"}}
{"ts":1712604075243,"action":"FILE_OPENED","file":"/hw_project/utils/add_quotes_to_mongo.py","tags":{"FILE_LINE_OF_CODE":"22"}}
{"ts":1712604123146,"action":"FILE_CLOSED","file":"/hw_project/utils/add_quotes_to_mongo.py","tags":{"FILE_LINE_OF_CODE":"23"}}
{"ts":1712604123146,"action":"FILE_OPENED","file":"/hw_project/quotes/utils.py","tags":{"FILE_LINE_OF_CODE":"23"}}
{"ts":1712604128041,"action":"FILE_CLOSED","file":"/hw_project/quotes/utils.py","tags":{"FILE_LINE_OF_CODE":"23"}}
{"ts":1712604128041,"action":"FILE_OPENED","file":"/hw_project/utils/add_quotes_to_mongo.py","tags":{"FILE_LINE_OF_CODE":"23"}}
{"ts":1712604133655,"action":"FILE_CLOSED","file":"/hw_project/utils/add_quotes_to_mongo.py","tags":{"FILE_LINE_OF_CODE":"23"}}
{"ts":1712604133660,"action":"FILE_OPENED","file":"/hw_project/hw_project/settings.py","tags":{"FILE_LINE_OF_CODE":"155"}}
{"ts":1712604137066,"action":"FILE_CLOSED","file":"/hw_project/hw_project/settings.py","tags":{"FILE_LINE_OF_CODE":"155"}}
{"ts":1712604137066,"action":"FILE_OPENED","file":"/hw_project/utils/migration.py","tags":{"FILE_LINE_OF_CODE":"49"}}
{"ts":1712604147501,"action":"FILE_CLOSED","file":"/hw_project/utils/migration.py","tags":{"FILE_LINE_OF_CODE":"49"}}
{"ts":1712604147501,"action":"FILE_OPENED","file":"/hw_project/quotes/utils.py","tags":{"FILE_LINE_OF_CODE":"23"}}
{"ts":1712604153790,"action":"FILE_CLOSED","file":"/hw_project/quotes/utils.py","tags":{"FILE_LINE_OF_CODE":"23"}}
{"ts":1712604153790,"action":"FILE_OPENED","file":"/hw_project/utils/migration.py","tags":{"FILE_LINE_OF_CODE":"49"}}
{"ts":1712604161650,"action":"FILE_CLOSED","file":"/hw_project/utils/migration.py","tags":{"FILE_LINE_OF_CODE":"49"}}
{"ts":1712604161650,"action":"FILE_OPENED","file":"/hw_project/quotes/utils.py","tags":{"FILE_LINE_OF_CODE":"23"}}
{"ts":1712604165670,"action":"FILE_CLOSED","file":"/hw_project/quotes/utils.py","tags":{"FILE_LINE_OF_CODE":"23"}}
{"ts":1712604165670,"action":"FILE_OPENED","file":"/hw_project/utils/migration.py","tags":{"FILE_LINE_OF_CODE":"49"}}
{"ts":1712604199655,"action":"FILE_CLOSED","file":"/hw_project/utils/migration.py","tags":{"FILE_LINE_OF_CODE":"47"}}
{"ts":1712604199661,"action":"FILE_OPENED","file":"/hw_project/hw_project/settings.py","tags":{"FILE_LINE_OF_CODE":"155"}}
{"ts":1712604202764,"action":"FILE_CLOSED","file":"/hw_project/hw_project/settings.py","tags":{"FILE_LINE_OF_CODE":"155"}}
{"ts":1712604202764,"action":"FILE_OPENED","file":"/hw_project/manage.py","tags":{"FILE_LINE_OF_CODE":"23"}}
{"ts":1712604220724,"action":"FILE_CLOSED","file":"/hw_project/manage.py","tags":{"FILE_LINE_OF_CODE":"23"}}
{"ts":1712604220728,"action":"FILE_OPENED","file":"/hw_project/hw_project/settings.py","tags":{"FILE_LINE_OF_CODE":"155"}}
{"ts":1712604246609,"action":"IDE_DEACTIVATED"}
{"ts":1712604318147,"action":"IDE_ACTIVATED"}
{"ts":1712604324810,"action":"FILE_CLOSED","file":"/hw_project/hw_project/settings.py","tags":{"FILE_LINE_OF_CODE":"155"}}
{"ts":1712604324811,"action":"FILE_OPENED","file":"/.gitignore","tags":{"FILE_LINE_OF_CODE":"0"}}
{"ts":1712604331890,"action":"FILE_CLOSED","file":"/.gitignore","tags":{"FILE_LINE_OF_CODE":"1"}}
{"ts":1712604331896,"action":"FILE_OPENED","file":"/hw_project/hw_project/settings.py","tags":{"FILE_LINE_OF_CODE":"155"}}
{"ts":1712604343884,"action":"IDE_DEACTIVATED"}
{"ts":1712604387016,"action":"IDE_ACTIVATED"}
{"ts":1712604400680,"action":"IDE_DEACTIVATED"}
{"ts":1712604410795,"action":"IDE_ACTIVATED"}
{"ts":1712604413438,"action":"IDE_DEACTIVATED"}
{"ts":1712604451186,"action":"IDE_ACTIVATED"}
{"ts":1712604453685,"action":"IDE_DEACTIVATED"}
{"ts":1712604489540,"action":"IDE_ACTIVATED"}
{"ts":1712604553542,"action":"FILE_CLOSED","file":"/hw_project/hw_project/settings.py","tags":{"FILE_LINE_OF_CODE":"155"}}
{"ts":1712604553543,"action":"FILE_OPENED","file":"/hw_project/app_auth/admin.py","tags":{"FILE_LINE_OF_CODE":"4"}}
{"ts":1712604555147,"action":"FILE_CLOSED","file":"/hw_project/app_auth/admin.py","tags":{"FILE_LINE_OF_CODE":"4"}}
{"ts":1712604555147,"action":"FILE_OPENED","file":"/hw_project/app_auth/apps.py","tags":{"FILE_LINE_OF_CODE":"7"}}
{"ts":1712604558336,"action":"FILE_CLOSED","file":"/hw_project/app_auth/apps.py","tags":{"FILE_LINE_OF_CODE":"7"}}
{"ts":1712604558340,"action":"FILE_OPENED","file":"/hw_project/app_auth/admin.py","tags":{"FILE_LINE_OF_CODE":"4"}}
{"ts":1712604559361,"action":"FILE_CLOSED","file":"/hw_project/app_auth/admin.py","tags":{"FILE_LINE_OF_CODE":"4"}}
{"ts":1712604559366,"action":"FILE_OPENED","file":"/hw_project/hw_project/settings.py","tags":{"FILE_LINE_OF_CODE":"155"}}
{"ts":1712604560022,"action":"FILE_CLOSED","file":"/hw_project/hw_project/settings.py","tags":{"FILE_LINE_OF_CODE":"155"}}
{"ts":1712604561567,"action":"FILE_OPENED","file":"/hw_project/app_auth/forms.py","tags":{"FILE_LINE_OF_CODE":"24"}}
{"ts":1712604571057,"action":"FILE_CLOSED","file":"/hw_project/app_auth/forms.py","tags":{"FILE_LINE_OF_CODE":"24"}}
{"ts":1712604571057,"action":"FILE_OPENED","file":"/hw_project/app_auth/views.py","tags":{"FILE_LINE_OF_CODE":"30"}}
{"ts":1712604595415,"action":"IDE_DEACTIVATED"}
{"ts":1712604596914,"action":"IDE_ACTIVATED"}
{"ts":1712604597359,"action":"IDE_DEACTIVATED"}
{"ts":1712604642177,"action":"IDE_ACTIVATED"}
{"ts":1712604649081,"action":"FILE_CLOSED","file":"/hw_project/app_auth/views.py","tags":{"FILE_LINE_OF_CODE":"30"}}
{"ts":1712604649084,"action":"FILE_OPENED","file":"/hw_project/app_auth/forms.py","tags":{"FILE_LINE_OF_CODE":"24"}}
{"ts":1712604650206,"action":"FILE_CLOSED","file":"/hw_project/app_auth/forms.py","tags":{"FILE_LINE_OF_CODE":"24"}}
{"ts":1712604655189,"action":"FILE_OPENED","file":"/hw_project/hw_project/settings.py","tags":{"FILE_LINE_OF_CODE":"155"}}
{"ts":1712604695417,"action":"IDE_DEACTIVATED"}
{"ts":1712604704896,"action":"IDE_ACTIVATED"}
{"ts":1712604763530,"action":"IDE_DEACTIVATED"}
{"ts":1712604788002,"action":"IDE_ACTIVATED"}
{"ts":1712604809295,"action":"IDE_DEACTIVATED"}
{"ts":1712604820901,"action":"IDE_ACTIVATED"}
{"ts":1712604825610,"action":"FILE_CLOSED","file":"/hw_project/hw_project/settings.py","tags":{"FILE_LINE_OF_CODE":"156"}}
{"ts":1712604825610,"action":"FILE_OPENED","file":"/hw_project/hw_project/urls.py","tags":{"FILE_LINE_OF_CODE":"27"}}
{"ts":1712604832703,"action":"FILE_CLOSED","file":"/hw_project/hw_project/urls.py","tags":{"FILE_LINE_OF_CODE":"27"}}
{"ts":1712604833418,"action":"FILE_OPENED","file":"/hw_project/hw_project/settings.py","tags":{"FILE_LINE_OF_CODE":"156"}}
{"ts":1712604833430,"action":"FILE_CLOSED","file":"/hw_project/hw_project/settings.py","tags":{"FILE_LINE_OF_CODE":"156"}}
{"ts":1712604833430,"action":"FILE_OPENED","file":"/hw_project/app_auth/urls.py","tags":{"FILE_LINE_OF_CODE":"14"}}
{"ts":1712604836211,"action":"IDE_DEACTIVATED"}
{"ts":1712604839585,"action":"IDE_ACTIVATED"}
{"ts":1712604841316,"action":"IDE_DEACTIVATED"}
{"ts":1712604849445,"action":"IDE_ACTIVATED"}
{"ts":1712604851035,"action":"IDE_DEACTIVATED"}
{"ts":1712604857594,"action":"IDE_ACTIVATED"}
{"ts":1712604880799,"action":"IDE_DEACTIVATED"}
{"ts":1712604890218,"action":"IDE_ACTIVATED"}
{"ts":1712604893330,"action":"IDE_DEACTIVATED"}
{"ts":1712604897264,"action":"IDE_ACTIVATED"}
{"ts":1712604901197,"action":"IDE_DEACTIVATED"}
{"ts":1712604905062,"action":"IDE_ACTIVATED"}
{"ts":1712604929541,"action":"IDE_DEACTIVATED"}
{"ts":1712604960783,"action":"IDE_ACTIVATED"}
{"ts":1712604966170,"action":"IDE_DEACTIVATED"}
{"ts":1712604972230,"action":"IDE_ACTIVATED"}
{"ts":1712604979691,"action":"FILE_CLOSED","file":"/hw_project/app_auth/urls.py","tags":{"FILE_LINE_OF_CODE":"19"}}
{"ts":1712604979691,"action":"FILE_OPENED","file":"/hw_project/app_auth/templates/app_auth/password_reset_form.html","tags":{"FILE_LINE_OF_CODE":"0"}}
{"ts":1712604983726,"action":"FILE_CLOSED","file":"/hw_project/app_auth/templates/app_auth/password_reset_form.html","tags":{"FILE_LINE_OF_CODE":"0"}}
{"ts":1712604983726,"action":"FILE_OPENED","file":"/hw_project/app_auth/templates/app_auth/login.html","tags":{"FILE_LINE_OF_CODE":"40"}}
{"ts":1712604988856,"action":"FILE_CLOSED","file":"/hw_project/app_auth/templates/app_auth/login.html","tags":{"FILE_LINE_OF_CODE":"40"}}
{"ts":1712604988856,"action":"FILE_OPENED","file":"/hw_project/app_auth/templates/app_auth/logout.html","tags":{"FILE_LINE_OF_CODE":"8"}}
{"ts":1712604994303,"action":"FILE_CLOSED","file":"/hw_project/app_auth/templates/app_auth/logout.html","tags":{"FILE_LINE_OF_CODE":"8"}}
{"ts":1712604994303,"action":"FILE_OPENED","file":"/hw_project/app_auth/templates/app_auth/password_reset_form.html","tags":{"FILE_LINE_OF_CODE":"0"}}
{"ts":1712604999564,"action":"IDE_DEACTIVATED"}
{"ts":1712605006373,"action":"IDE_ACTIVATED"}
{"ts":1712605008073,"action":"IDE_DEACTIVATED"}
{"ts":1712605013440,"action":"IDE_ACTIVATED"}
{"ts":1712605014369,"action":"IDE_DEACTIVATED"}
{"ts":1712605016536,"action":"IDE_ACTIVATED"}
{"ts":1712605051539,"action":"IDE_DEACTIVATED"}
{"ts":1712605093041,"action":"IDE_ACTIVATED"}
{"ts":1712605093155,"action":"FILE_CLOSED","file":"/hw_project/app_auth/templates/app_auth/password_reset_form.html","tags":{"FILE_LINE_OF_CODE":"10"}}
{"ts":1712605093158,"action":"FILE_OPENED","file":"/hw_project/app_auth/urls.py","tags":{"FILE_LINE_OF_CODE":"19"}}
{"ts":1712605101715,"action":"IDE_DEACTIVATED"}
{"ts":1712605106700,"action":"IDE_ACTIVATED"}
{"ts":1712605106765,"action":"FILE_CLOSED","file":"/hw_project/app_auth/urls.py","tags":{"FILE_LINE_OF_CODE":"19"}}
{"ts":1712605106765,"action":"FILE_OPENED","file":"/hw_project/hw_project/settings.py","tags":{"FILE_LINE_OF_CODE":"156"}}
{"ts":1712605139388,"action":"IDE_DEACTIVATED"}
{"ts":1712605191471,"action":"IDE_ACTIVATED"}
{"ts":1712605202914,"action":"FILE_CLOSED","file":"/hw_project/hw_project/settings.py","tags":{"FILE_LINE_OF_CODE":"164"}}
{"ts":1712605202914,"action":"FILE_OPENED","file":"/hw_project/notes/.env","tags":{"FILE_LINE_OF_CODE":"20"}}
{"ts":1712605217102,"action":"FILE_CLOSED","file":"/hw_project/notes/.env","tags":{"FILE_LINE_OF_CODE":"20"}}
{"ts":1712605217103,"action":"FILE_OPENED","file":"/hw_project/hw_project/settings.py","tags":{"FILE_LINE_OF_CODE":"164"}}
{"ts":1712605249806,"action":"IDE_DEACTIVATED"}
{"ts":1712605252191,"action":"IDE_ACTIVATED"}
{"ts":1712605298233,"action":"IDE_DEACTIVATED"}
{"ts":1712605381532,"action":"IDE_ACTIVATED"}
{"ts":1712605394617,"action":"FILE_CLOSED","file":"/hw_project/hw_project/settings.py","tags":{"FILE_LINE_OF_CODE":"167"}}
{"ts":1712605394617,"action":"FILE_OPENED","file":"/hw_project/app_auth/templates/app_auth/register.html","tags":{"FILE_LINE_OF_CODE":"49"}}
{"ts":1712605415812,"action":"IDE_DEACTIVATED"}
{"ts":1712605422987,"action":"IDE_ACTIVATED"}
{"ts":1712605426826,"action":"IDE_DEACTIVATED"}
{"ts":1712605438679,"action":"IDE_ACTIVATED"}
{"ts":1712605439352,"action":"IDE_DEACTIVATED"}
{"ts":1712605441046,"action":"IDE_ACTIVATED"}
{"ts":1712605442304,"action":"IDE_DEACTIVATED"}
{"ts":1712605445522,"action":"IDE_ACTIVATED"}
{"ts":1712605446317,"action":"IDE_DEACTIVATED"}
{"ts":1712605447201,"action":"IDE_ACTIVATED"}
{"ts":1712605456155,"action":"IDE_DEACTIVATED"}
{"ts":1712605457390,"action":"IDE_ACTIVATED"}
{"ts":1712605458009,"action":"IDE_DEACTIVATED"}
{"ts":1712605565385,"action":"IDE_ACTIVATED"}
{"ts":1712605571107,"action":"IDE_DEACTIVATED"}
{"ts":1712605584556,"action":"IDE_ACTIVATED"}
{"ts":1712605586958,"action":"FILE_CLOSED","file":"/hw_project/app_auth/templates/app_auth/register.html","tags":{"FILE_LINE_OF_CODE":"49"}}
{"ts":1712605586958,"action":"FILE_OPENED","file":"/hw_project/app_auth/templates/app_auth/password_reset_form.html","tags":{"FILE_LINE_OF_CODE":"10"}}
{"ts":1712605588410,"action":"IDE_DEACTIVATED"}
{"ts":1712605603312,"action":"IDE_ACTIVATED"}
{"ts":1712605606669,"action":"IDE_DEACTIVATED"}
{"ts":1712605619408,"action":"IDE_ACTIVATED"}
{"ts":1712605622081,"action":"IDE_DEACTIVATED"}
{"ts":1712605631880,"action":"IDE_ACTIVATED"}
{"ts":1712605696046,"action":"IDE_DEACTIVATED"}
{"ts":1712605710765,"action":"IDE_ACTIVATED"}
{"ts":1712605730014,"action":"FILE_CLOSED","file":"/hw_project/app_auth/templates/app_auth/password_reset_form.html","tags":{"FILE_LINE_OF_CODE":"11"}}
{"ts":1712605745053,"action":"FILE_OPENED","file":"/hw_project/hw_project/settings.py","tags":{"FILE_LINE_OF_CODE":"167"}}
{"ts":1712605748665,"action":"IDE_DEACTIVATED"}
{"ts":1712605768870,"action":"IDE_ACTIVATED"}
{"ts":1712605775160,"action":"IDE_DEACTIVATED"}
{"ts":1712605808059,"action":"IDE_ACTIVATED"}
{"ts":1712605819883,"action":"IDE_DEACTIVATED"}
{"ts":1712605828391,"action":"IDE_ACTIVATED"}
{"ts":1712605837270,"action":"IDE_DEACTIVATED"}
{"ts":1712605853277,"action":"IDE_ACTIVATED"}
{"ts":1712605895914,"action":"IDE_DEACTIVATED"}
{"ts":1712605921864,"action":"IDE_ACTIVATED"}
{"ts":1712605927922,"action":"IDE_DEACTIVATED"}
{"ts":1712605945257,"action":"IDE_ACTIVATED"}
{"ts":1712605955518,"action":"IDE_DEACTIVATED"}
{"ts":1712605959434,"action":"IDE_ACTIVATED"}
{"ts":1712605972508,"action":"IDE_DEACTIVATED"}
{"ts":1712605995299,"action":"IDE_ACTIVATED"}
{"ts":1712606042298,"action":"IDE_DEACTIVATED"}
{"ts":1712606064133,"action":"IDE_ACTIVATED"}
{"ts":1712606123942,"action":"IDE_DEACTIVATED"}
{"ts":1712606149762,"action":"IDE_ACTIVATED"}
{"ts":1712606188152,"action":"IDE_DEACTIVATED"}
{"ts":1712606267702,"action":"IDE_ACTIVATED"}
{"ts":1712606314830,"action":"FILE_CLOSED","file":"/hw_project/hw_project/settings.py","tags":{"FILE_LINE_OF_CODE":"167"}}
{"ts":1712606314830,"action":"FILE_OPENED","file":"/hw_project/quotes/templates/quotes/base.html","tags":{"FILE_LINE_OF_CODE":"49"}}
{"ts":1712606345457,"action":"FILE_CLOSED","file":"/hw_project/quotes/templates/quotes/base.html","tags":{"FILE_LINE_OF_CODE":"49"}}
{"ts":1712606345457,"action":"FILE_OPENED","file":"/hw_project/quotes/templates/quotes/success.html","tags":{"FILE_LINE_OF_CODE":"8"}}
{"ts":1712606350634,"action":"FILE_CLOSED","file":"/hw_project/quotes/templates/quotes/success.html","tags":{"FILE_LINE_OF_CODE":"8"}}
{"ts":1712606350634,"action":"FILE_OPENED","file":"/hw_project/quotes/templates/quotes/author_info.html","tags":{"FILE_LINE_OF_CODE":"8"}}
{"ts":1712606354441,"action":"FILE_CLOSED","file":"/hw_project/quotes/templates/quotes/author_info.html","tags":{"FILE_LINE_OF_CODE":"8"}}
{"ts":1712606354441,"action":"FILE_OPENED","file":"/hw_project/app_auth/templates/app_auth/password_reset_form.html","tags":{"FILE_LINE_OF_CODE":"11"}}
{"ts":1712606360171,"action":"FILE_CLOSED","file":"/hw_project/app_auth/templates/app_auth/password_reset_form.html","tags":{"FILE_LINE_OF_CODE":"11"}}
{"ts":1712606360171,"action":"FILE_OPENED","file":"/hw_project/app_auth/templates/app_auth/register.html","tags":{"FILE_LINE_OF_CODE":"49"}}
{"ts":1712606370019,"action":"FILE_CLOSED","file":"/hw_project/app_auth/templates/app_auth/register.html","tags":{"FILE_LINE_OF_CODE":"49"}}
{"ts":1712606370019,"action":"FILE_OPENED","file":"/hw_project/app_auth/urls.py","tags":{"FILE_LINE_OF_CODE":"19"}}
{"ts":1712606445674,"action":"FILE_CLOSED","file":"/hw_project/app_auth/urls.py","tags":{"FILE_LINE_OF_CODE":"19"}}
{"ts":1712606445674,"action":"FILE_OPENED","file":"/hw_project/app_auth/templates/app_auth/password_reset_form.html","tags":{"FILE_LINE_OF_CODE":"11"}}
{"ts":1712606449990,"action":"FILE_CLOSED","file":"/hw_project/app_auth/templates/app_auth/password_reset_form.html","tags":{"FILE_LINE_OF_CODE":"11"}}
{"ts":1712606449991,"action":"FILE_OPENED","file":"/hw_project/quotes/templates/quotes/author_info.html","tags":{"FILE_LINE_OF_CODE":"8"}}
{"ts":1712606452083,"action":"FILE_CLOSED","file":"/hw_project/quotes/templates/quotes/author_info.html","tags":{"FILE_LINE_OF_CODE":"8"}}
{"ts":1712606452083,"action":"FILE_OPENED","file":"/hw_project/app_auth/urls.py","tags":{"FILE_LINE_OF_CODE":"19"}}
{"ts":1712606504701,"action":"FILE_CLOSED","file":"/hw_project/app_auth/urls.py","tags":{"FILE_LINE_OF_CODE":"19"}}
{"ts":1712606504701,"action":"FILE_OPENED","file":"/hw_project/quotes/templates/quotes/author_info.html","tags":{"FILE_LINE_OF_CODE":"8"}}
{"ts":1712606508888,"action":"FILE_CLOSED","file":"/hw_project/quotes/templates/quotes/author_info.html","tags":{"FILE_LINE_OF_CODE":"8"}}
{"ts":1712606508888,"action":"FILE_OPENED","file":"/hw_project/quotes/templates/quotes/success.html","tags":{"FILE_LINE_OF_CODE":"8"}}
{"ts":1712606519282,"action":"FILE_CLOSED","file":"/hw_project/quotes/templates/quotes/success.html","tags":{"FILE_LINE_OF_CODE":"8"}}
{"ts":1712606519282,"action":"FILE_OPENED","file":"/hw_project/app_auth/templates/app_auth/register.html","tags":{"FILE_LINE_OF_CODE":"49"}}
{"ts":1712606520534,"action":"FILE_CLOSED","file":"/hw_project/app_auth/templates/app_auth/register.html","tags":{"FILE_LINE_OF_CODE":"49"}}
{"ts":1712606520561,"action":"FILE_OPENED","file":"/hw_project/app_auth/templates/app_auth/password_reset_form.html","tags":{"FILE_LINE_OF_CODE":"11"}}
{"ts":1712606522598,"action":"FILE_CLOSED","file":"/hw_project/app_auth/templates/app_auth/password_reset_form.html","tags":{"FILE_LINE_OF_CODE":"11"}}
{"ts":1712606522603,"action":"FILE_OPENED","file":"/hw_project/quotes/templates/quotes/author_info.html","tags":{"FILE_LINE_OF_CODE":"8"}}
{"ts":1712606524174,"action":"FILE_CLOSED","file":"/hw_project/quotes/templates/quotes/author_info.html","tags":{"FILE_LINE_OF_CODE":"8"}}
{"ts":1712606524177,"action":"FILE_OPENED","file":"/hw_project/quotes/templates/quotes/success.html","tags":{"FILE_LINE_OF_CODE":"8"}}
{"ts":1712606525666,"action":"FILE_CLOSED","file":"/hw_project/quotes/templates/quotes/success.html","tags":{"FILE_LINE_OF_CODE":"8"}}
{"ts":1712606525666,"action":"FILE_OPENED","file":"/hw_project/quotes/templates/quotes/base.html","tags":{"FILE_LINE_OF_CODE":"49"}}
{"ts":1712606526824,"action":"FILE_CLOSED","file":"/hw_project/quotes/templates/quotes/base.html","tags":{"FILE_LINE_OF_CODE":"49"}}
{"ts":1712606526827,"action":"FILE_OPENED","file":"/hw_project/hw_project/settings.py","tags":{"FILE_LINE_OF_CODE":"167"}}
{"ts":1712606529444,"action":"FILE_CLOSED","file":"/hw_project/hw_project/settings.py","tags":{"FILE_LINE_OF_CODE":"167"}}
{"ts":1712606529444,"action":"FILE_OPENED","file":"/hw_project/app_auth/urls.py","tags":{"FILE_LINE_OF_CODE":"19"}}
{"ts":1712606573248,"action":"FILE_CLOSED","file":"/hw_project/app_auth/urls.py","tags":{"FILE_LINE_OF_CODE":"19"}}
{"ts":1712606573248,"action":"FILE_OPENED","file":"/hw_project/app_auth/templates/app_auth/password_reset_done.html","tags":{"FILE_LINE_OF_CODE":"10"}}
{"ts":1712606630765,"action":"FILE_CLOSED","file":"/hw_project/app_auth/templates/app_auth/password_reset_done.html","tags":{"FILE_LINE_OF_CODE":"8"}}
{"ts":1712606630765,"action":"FILE_OPENED","file":"/hw_project/app_auth/urls.py","tags":{"FILE_LINE_OF_CODE":"19"}}
{"ts":1712606669165,"action":"FILE_CLOSED","file":"/hw_project/app_auth/urls.py","tags":{"FILE_LINE_OF_CODE":"19"}}
{"ts":1712606669165,"action":"FILE_OPENED","file":"/hw_project/app_auth/templates/app_auth/password_reset_confirm.html","tags":{"FILE_LINE_OF_CODE":"10"}}
{"ts":1712606674167,"action":"FILE_CLOSED","file":"/hw_project/app_auth/templates/app_auth/password_reset_confirm.html","tags":{"FILE_LINE_OF_CODE":"10"}}
{"ts":1712606674167,"action":"FILE_OPENED","file":"/hw_project/app_auth/templates/app_auth/password_reset_done.html","tags":{"FILE_LINE_OF_CODE":"8"}}
{"ts":1712606683552,"action":"FILE_CLOSED","file":"/hw_project/app_auth/templates/app_auth/password_reset_done.html","tags":{"FILE_LINE_OF_CODE":"8"}}
{"ts":1712606683552,"action":"FILE_OPENED","file":"/hw_project/app_auth/templates/app_auth/password_reset_confirm.html","tags":{"FILE_LINE_OF_CODE":"10"}}
{"ts":1712606719799,"action":"FILE_CLOSED","file":"/hw_project/app_auth/templates/app_auth/password_reset_confirm.html","tags":{"FILE_LINE_OF_CODE":"8"}}
{"ts":1712606719799,"action":"FILE_OPENED","file":"/hw_project/app_auth/urls.py","tags":{"FILE_LINE_OF_CODE":"19"}}
{"ts":1712606765279,"action":"FILE_CLOSED","file":"/hw_project/app_auth/urls.py","tags":{"FILE_LINE_OF_CODE":"19"}}
{"ts":1712606765279,"action":"FILE_OPENED","file":"/hw_project/app_auth/templates/app_auth/password_reset_complete.html","tags":{"FILE_LINE_OF_CODE":"10"}}
{"ts":1712606767957,"action":"FILE_CLOSED","file":"/hw_project/app_auth/templates/app_auth/password_reset_complete.html","tags":{"FILE_LINE_OF_CODE":"10"}}
{"ts":1712606767957,"action":"FILE_OPENED","file":"/hw_project/app_auth/templates/app_auth/password_reset_confirm.html","tags":{"FILE_LINE_OF_CODE":"8"}}
{"ts":1712606771014,"action":"FILE_CLOSED","file":"/hw_project/app_auth/templates/app_auth/password_reset_confirm.html","tags":{"FILE_LINE_OF_CODE":"8"}}
{"ts":1712606771014,"action":"FILE_OPENED","file":"/hw_project/app_auth/templates/app_auth/password_reset_complete.html","tags":{"FILE_LINE_OF_CODE":"10"}}
{"ts":1712606844398,"action":"FILE_CLOSED","file":"/hw_project/app_auth/templates/app_auth/password_reset_complete.html","tags":{"FILE_LINE_OF_CODE":"8"}}
{"ts":1712606844402,"action":"FILE_OPENED","file":"/hw_project/app_auth/urls.py","tags":{"FILE_LINE_OF_CODE":"19"}}
{"ts":1712606851749,"action":"FILE_CLOSED","file":"/hw_project/app_auth/urls.py","tags":{"FILE_LINE_OF_CODE":"19"}}
{"ts":1712606851752,"action":"FILE_OPENED","file":"/hw_project/quotes/templates/quotes/success.html","tags":{"FILE_LINE_OF_CODE":"8"}}
{"ts":1712606853694,"action":"FILE_CLOSED","file":"/hw_project/quotes/templates/quotes/success.html","tags":{"FILE_LINE_OF_CODE":"8"}}
{"ts":1712606853697,"action":"FILE_OPENED","file":"/hw_project/hw_project/settings.py","tags":{"FILE_LINE_OF_CODE":"167"}}
{"ts":1712606977297,"action":"FILE_CLOSED","file":"/hw_project/hw_project/settings.py","tags":{"FILE_LINE_OF_CODE":"167"}}
{"ts":1712606983941,"action":"PROJECT_CLOSED","tags":{"PROJECT_NAME":"Python-Web---HW13.2"}}
{"ts":1712648783662,"action":"IDE_DEACTIVATED"}
{"ts":1712648790560,"action":"IDE_ACTIVATED"}
{"ts":1712648789768,"action":"PROJECT_OPENED","tags":{"PROJECT_NAME":"Python-Web---HW13.2"}}
{"ts":1712648811786,"action":"IDE_DEACTIVATED"}
{"ts":1712650644384,"action":"IDE_ACTIVATED"}
{"ts":1712650665759,"action":"IDE_DEACTIVATED"}
{"ts":1712651663038,"action":"IDE_ACTIVATED"}
{"ts":1712651734878,"action":"IDE_DEACTIVATED"}
{"ts":1712651737443,"action":"IDE_ACTIVATED"}
{"ts":1712651738508,"action":"IDE_DEACTIVATED"}
{"ts":1712651742647,"action":"IDE_ACTIVATED"}
{"ts":1712651743381,"action":"IDE_DEACTIVATED"}
{"ts":1712651748664,"action":"IDE_ACTIVATED"}
{"ts":1712651784518,"action":"IDE_DEACTIVATED"}
{"ts":1712653647958,"action":"IDE_ACTIVATED"}
{"ts":1712653658378,"action":"IDE_DEACTIVATED"}
{"ts":1712653683946,"action":"IDE_ACTIVATED"}
{"ts":1712653757890,"action":"IDE_DEACTIVATED"}
{"ts":1712657003995,"action":"IDE_ACTIVATED"}
{"ts":1712657007483,"action":"IDE_DEACTIVATED"}
{"ts":1712659555087,"action":"IDE_ACTIVATED"}
{"ts":1712659556408,"action":"PROJECT_CLOSED","tags":{"PROJECT_NAME":"Python-Web---HW13.2"}}
{"ts":1712679561733,"action":"PROJECT_OPENED","tags":{"PROJECT_NAME":"Python-Web---HW13.2"}}
{"ts":1712679567332,"action":"IDE_DEACTIVATED"}
{"ts":1712679682400,"action":"IDE_ACTIVATED"}
{"ts":1712679742090,"action":"IDE_DEACTIVATED"}
{"ts":1712679746901,"action":"IDE_ACTIVATED"}
{"ts":1712679777232,"action":"IDE_DEACTIVATED"}
{"ts":1712679780315,"action":"IDE_ACTIVATED"}
{"ts":1712679784288,"action":"IDE_DEACTIVATED"}
{"ts":1712679795264,"action":"IDE_ACTIVATED"}
{"ts":1712679805818,"action":"IDE_DEACTIVATED"}
{"ts":1712679815759,"action":"IDE_ACTIVATED"}
{"ts":1712679816982,"action":"IDE_DEACTIVATED"}
{"ts":1712679847001,"action":"IDE_ACTIVATED"}
{"ts":1712679861866,"action":"FILE_OPENED","file":"/hw_project/hw_project/settings.py","tags":{"FILE_LINE_OF_CODE":"167"}}
{"ts":1712679899348,"action":"IDE_DEACTIVATED"}
{"ts":1712679962221,"action":"IDE_ACTIVATED"}
{"ts":1712679968714,"action":"IDE_DEACTIVATED"}
{"ts":1712680034267,"action":"IDE_ACTIVATED"}
{"ts":1712680039239,"action":"IDE_DEACTIVATED"}
{"ts":1712680110167,"action":"IDE_ACTIVATED"}
{"ts":1712680130743,"action":"IDE_DEACTIVATED"}
{"ts":1712680133200,"action":"IDE_ACTIVATED"}
{"ts":1712680134341,"action":"IDE_DEACTIVATED"}
{"ts":1712680146476,"action":"IDE_ACTIVATED"}
{"ts":1712680150569,"action":"IDE_DEACTIVATED"}
{"ts":1712680162315,"action":"IDE_ACTIVATED"}
{"ts":1712680187426,"action":"IDE_DEACTIVATED"}
{"ts":1712690078207,"action":"IDE_ACTIVATED"}
{"ts":1712690107030,"action":"PROJECT_CLOSED","tags":{"PROJECT_NAME":"Python-Web---HW13.2"}}
{"ts":1712764909476,"action":"FILE_OPENED","file":"/hw_project/hw_project/settings.py","tags":{"FILE_LINE_OF_CODE":"167"}}
{"ts":1712764910867,"action":"PROJECT_OPENED","tags":{"PROJECT_NAME":"Python-Web---HW13.2"}}
{"ts":1712765152492,"action":"IDE_DEACTIVATED"}
{"ts":1712765152499,"action":"IDE_ACTIVATED"}
{"ts":1712765158809,"action":"IDE_DEACTIVATED"}
{"ts":1712765163723,"action":"IDE_ACTIVATED"}
{"ts":1712765179110,"action":"IDE_DEACTIVATED"}
{"ts":1712765181220,"action":"IDE_ACTIVATED"}
{"ts":1712765186429,"action":"IDE_DEACTIVATED"}
{"ts":1712765190195,"action":"IDE_ACTIVATED"}
{"ts":1712765191123,"action":"IDE_DEACTIVATED"}
{"ts":1712765197685,"action":"IDE_ACTIVATED"}
{"ts":1712765200585,"action":"IDE_DEACTIVATED"}
{"ts":1712765202122,"action":"IDE_ACTIVATED"}
{"ts":1712765204040,"action":"IDE_DEACTIVATED"}
{"ts":1712765222519,"action":"IDE_ACTIVATED"}
{"ts":1712765223430,"action":"IDE_DEACTIVATED"}
{"ts":1712765225145,"action":"IDE_ACTIVATED"}
{"ts":1712765226397,"action":"IDE_DEACTIVATED"}
{"ts":1712765334552,"action":"IDE_ACTIVATED"}
{"ts":1712765337681,"action":"IDE_DEACTIVATED"}
{"ts":1712766477985,"action":"IDE_ACTIVATED"}
{"ts":1712766510008,"action":"IDE_DEACTIVATED"}
{"ts":1712766521106,"action":"IDE_ACTIVATED"}
{"ts":1712766544219,"action":"IDE_DEACTIVATED"}
{"ts":1712766576567,"action":"IDE_ACTIVATED"}
